<?xml version="1.0" encoding="UTF-8"?>
<robot generator="Robot 7.4.1 (Python 3.12.3 on linux)" generated="2026-02-21T13:36:50.092889" rpa="false" schemaversion="5">
<suite id="s1" name="Tests" source="/home/rjvisser/projects/req-tst/boardfarm-bdd/robot/tests">
<suite id="s1-s1" name="User Makes One Way Call" source="/home/rjvisser/projects/req-tst/boardfarm-bdd/robot/tests/user_makes_one_way_call.robot">
<kw name="Setup Voice Test Environment" owner="voice" type="SETUP">
<kw name="Log" owner="BuiltIn">
<msg time="2026-02-21T13:36:54.152391" level="INFO">Setting up voice test environment...</msg>
<arg>Setting up voice test environment...</arg>
<doc>Logs the given message with the given level.</doc>
<status status="PASS" start="2026-02-21T13:36:54.152028" elapsed="0.000490"/>
</kw>
<kw name="Get Device By Type" owner="robotframework_boardfarm.BoardfarmLibrary">
<msg time="2026-02-21T13:36:54.153164" level="INFO">${acs} = &lt;boardfarm3.devices.genie_acs.GenieACS object at 0x772c48ee39e0&gt;</msg>
<var>${acs}</var>
<arg>ACS</arg>
<doc>Get a device by its type name.</doc>
<status status="PASS" start="2026-02-21T13:36:54.152787" elapsed="0.000412"/>
</kw>
<kw name="Get Device By Type" owner="robotframework_boardfarm.BoardfarmLibrary">
<msg time="2026-02-21T13:36:54.153614" level="INFO">${cpe} = &lt;boardfarm3.devices.prplos_cpe.PrplDockerCPE object at 0x772c47c45dc0&gt;</msg>
<var>${cpe}</var>
<arg>CPE</arg>
<doc>Get a device by its type name.</doc>
<status status="PASS" start="2026-02-21T13:36:54.153343" elapsed="0.000299"/>
</kw>
<kw name="Set Suite Variable" owner="BuiltIn">
<msg time="2026-02-21T13:36:54.154262" level="INFO">${ACS} = &lt;boardfarm3.devices.genie_acs.GenieACS object at 0x772c48ee39e0&gt;</msg>
<arg>${ACS}</arg>
<arg>${acs}</arg>
<doc>Makes a variable available everywhere within the scope of the current suite.</doc>
<status status="PASS" start="2026-02-21T13:36:54.153858" elapsed="0.000452"/>
</kw>
<kw name="Set Suite Variable" owner="BuiltIn">
<msg time="2026-02-21T13:36:54.154847" level="INFO">${CPE} = &lt;boardfarm3.devices.prplos_cpe.PrplDockerCPE object at 0x772c47c45dc0&gt;</msg>
<arg>${CPE}</arg>
<arg>${cpe}</arg>
<doc>Makes a variable available everywhere within the scope of the current suite.</doc>
<status status="PASS" start="2026-02-21T13:36:54.154478" elapsed="0.000415"/>
</kw>
<kw name="Run Keyword And Return Status" owner="BuiltIn">
<kw name="Get Device By Type" owner="robotframework_boardfarm.BoardfarmLibrary">
<arg>SIPServer</arg>
<doc>Get a device by its type name.</doc>
<status status="PASS" start="2026-02-21T13:36:54.155373" elapsed="0.000530"/>
</kw>
<msg time="2026-02-21T13:36:54.155991" level="INFO">${sipcenter_result} = True</msg>
<var>${sipcenter_result}</var>
<arg>Get Device By Type</arg>
<arg>SIPServer</arg>
<doc>Runs the specified keyword and returns the status as a Boolean value.</doc>
<status status="PASS" start="2026-02-21T13:36:54.155027" elapsed="0.000987"/>
</kw>
<if>
<branch type="IF" condition="not ${sipcenter_result}">
<kw name="Log" owner="BuiltIn">
<arg>WARNING: No SIPServer available - voice tests will be skipped</arg>
<arg>level=WARN</arg>
<doc>Logs the given message with the given level.</doc>
<status status="NOT RUN" start="2026-02-21T13:36:54.156321" elapsed="0.000021"/>
</kw>
<kw name="Set Suite Variable" owner="BuiltIn">
<arg>${SIPCENTER}</arg>
<arg>${None}</arg>
<doc>Makes a variable available everywhere within the scope of the current suite.</doc>
<status status="NOT RUN" start="2026-02-21T13:36:54.156439" elapsed="0.000018"/>
</kw>
<status status="NOT RUN" start="2026-02-21T13:36:54.156118" elapsed="0.000366"/>
</branch>
<branch type="ELSE">
<kw name="Get Device By Type" owner="robotframework_boardfarm.BoardfarmLibrary">
<msg time="2026-02-21T13:36:54.156792" level="INFO">${sipcenter} = &lt;boardfarm3.devices.kamailio.SIPcenterKamailio5 object at 0x772c488a7bf0&gt;</msg>
<var>${sipcenter}</var>
<arg>SIPServer</arg>
<doc>Get a device by its type name.</doc>
<status status="PASS" start="2026-02-21T13:36:54.156613" elapsed="0.000203"/>
</kw>
<kw name="Set Suite Variable" owner="BuiltIn">
<msg time="2026-02-21T13:36:54.157188" level="INFO">${SIPCENTER} = &lt;boardfarm3.devices.kamailio.SIPcenterKamailio5 object at 0x772c488a7bf0&gt;</msg>
<arg>${SIPCENTER}</arg>
<arg>${sipcenter}</arg>
<doc>Makes a variable available everywhere within the scope of the current suite.</doc>
<status status="PASS" start="2026-02-21T13:36:54.156937" elapsed="0.000301"/>
</kw>
<status status="PASS" start="2026-02-21T13:36:54.156516" elapsed="0.000753"/>
</branch>
<status status="PASS" start="2026-02-21T13:36:54.156083" elapsed="0.001229"/>
</if>
<kw name="Get Devices By Type" owner="robotframework_boardfarm.BoardfarmLibrary">
<msg time="2026-02-21T13:36:54.157721" level="INFO">${phones} = {'lan_phone': &lt;boardfarm3.devices.pjsip_phone.PJSIPPhone object at 0x772c4897e480&gt;, 'wan_phone': &lt;boardfarm3.devices.pjsip_phone.PJSIPPhone object at 0x772c47d6a930&gt;, 'wan_phone2': &lt;boardfarm3.devices...</msg>
<var>${phones}</var>
<arg>SIPPhone</arg>
<doc>Get all devices of a specific type.</doc>
<status status="PASS" start="2026-02-21T13:36:54.157481" elapsed="0.000266"/>
</kw>
<kw name="Get Length" owner="BuiltIn">
<msg time="2026-02-21T13:36:54.158396" level="INFO">Length is 3.</msg>
<msg time="2026-02-21T13:36:54.158467" level="INFO">${phone_count} = 3</msg>
<var>${phone_count}</var>
<arg>${phones}</arg>
<doc>Returns and logs the length of the given item as an integer.</doc>
<status status="PASS" start="2026-02-21T13:36:54.157847" elapsed="0.000642"/>
</kw>
<kw name="Set Suite Variable" owner="BuiltIn">
<msg time="2026-02-21T13:36:54.159761" level="INFO">${AVAILABLE_PHONES} = {'lan_phone': &lt;boardfarm3.devices.pjsip_phone.PJSIPPhone object at 0x772c4897e480&gt;, 'wan_phone': &lt;boardfarm3.devices.pjsip_phone.PJSIPPhone object at 0x772c47d6a930&gt;, 'wan_phone2': &lt;boardfarm3.devices...</msg>
<arg>${AVAILABLE_PHONES}</arg>
<arg>${phones}</arg>
<doc>Makes a variable available everywhere within the scope of the current suite.</doc>
<status status="PASS" start="2026-02-21T13:36:54.158593" elapsed="0.001213"/>
</kw>
<kw name="Set Suite Variable" owner="BuiltIn">
<msg time="2026-02-21T13:36:54.160156" level="INFO">${PHONE_COUNT} = 3</msg>
<arg>${PHONE_COUNT}</arg>
<arg>${phone_count}</arg>
<doc>Makes a variable available everywhere within the scope of the current suite.</doc>
<status status="PASS" start="2026-02-21T13:36:54.159912" elapsed="0.000282"/>
</kw>
<kw name="Discover phones by location" owner="voice_keywords">
<msg time="2026-02-21T13:36:54.160789" level="INFO">${by_location} = {'LAN': [&lt;boardfarm3.devices.pjsip_phone.PJSIPPhone object at 0x772c4897e480&gt;], 'WAN': [&lt;boardfarm3.devices.pjsip_phone.PJSIPPhone object at 0x772c47d6a930&gt;, &lt;boardfarm3.devices.pjsip_phone.PJSIPPhone...</msg>
<var>${by_location}</var>
<arg>${phones}</arg>
<doc>Classify SIP phones by network location (LAN/WAN).</doc>
<status status="PASS" start="2026-02-21T13:36:54.160333" elapsed="0.000487"/>
</kw>
<kw name="Get From Dictionary" owner="Collections">
<msg time="2026-02-21T13:36:54.161085" level="INFO">${lan_phones} = [&lt;boardfarm3.devices.pjsip_phone.PJSIPPhone object at 0x772c4897e480&gt;]</msg>
<var>${lan_phones}</var>
<arg>${by_location}</arg>
<arg>LAN</arg>
<doc>Returns a value from the given ``dictionary`` based on the given ``key``.</doc>
<status status="PASS" start="2026-02-21T13:36:54.160926" elapsed="0.000183"/>
</kw>
<kw name="Get From Dictionary" owner="Collections">
<msg time="2026-02-21T13:36:54.161348" level="INFO">${wan_phones} = [&lt;boardfarm3.devices.pjsip_phone.PJSIPPhone object at 0x772c47d6a930&gt;, &lt;boardfarm3.devices.pjsip_phone.PJSIPPhone object at 0x772c48d04590&gt;]</msg>
<var>${wan_phones}</var>
<arg>${by_location}</arg>
<arg>WAN</arg>
<doc>Returns a value from the given ``dictionary`` based on the given ``key``.</doc>
<status status="PASS" start="2026-02-21T13:36:54.161204" elapsed="0.000168"/>
</kw>
<kw name="Get Length" owner="BuiltIn">
<msg time="2026-02-21T13:36:54.161701" level="INFO">Length is 1.</msg>
<msg time="2026-02-21T13:36:54.161765" level="INFO">${lan_count} = 1</msg>
<var>${lan_count}</var>
<arg>${lan_phones}</arg>
<doc>Returns and logs the length of the given item as an integer.</doc>
<status status="PASS" start="2026-02-21T13:36:54.161467" elapsed="0.000377"/>
</kw>
<kw name="Get Length" owner="BuiltIn">
<msg time="2026-02-21T13:36:54.162150" level="INFO">Length is 2.</msg>
<msg time="2026-02-21T13:36:54.162224" level="INFO">${wan_count} = 2</msg>
<var>${wan_count}</var>
<arg>${wan_phones}</arg>
<doc>Returns and logs the length of the given item as an integer.</doc>
<status status="PASS" start="2026-02-21T13:36:54.161945" elapsed="0.000306"/>
</kw>
<kw name="Set Suite Variable" owner="BuiltIn">
<msg time="2026-02-21T13:36:54.162751" level="INFO">${LAN_PHONES} = [&lt;boardfarm3.devices.pjsip_phone.PJSIPPhone object at 0x772c4897e480&gt;]</msg>
<arg>${LAN_PHONES}</arg>
<arg>${lan_phones}</arg>
<doc>Makes a variable available everywhere within the scope of the current suite.</doc>
<status status="PASS" start="2026-02-21T13:36:54.162375" elapsed="0.000416"/>
</kw>
<kw name="Set Suite Variable" owner="BuiltIn">
<msg time="2026-02-21T13:36:54.163139" level="INFO">${WAN_PHONES} = [&lt;boardfarm3.devices.pjsip_phone.PJSIPPhone object at 0x772c47d6a930&gt;, &lt;boardfarm3.devices.pjsip_phone.PJSIPPhone object at 0x772c48d04590&gt;]</msg>
<arg>${WAN_PHONES}</arg>
<arg>${wan_phones}</arg>
<doc>Makes a variable available everywhere within the scope of the current suite.</doc>
<status status="PASS" start="2026-02-21T13:36:54.162894" elapsed="0.000285"/>
</kw>
<kw name="Log" owner="BuiltIn">
<msg time="2026-02-21T13:36:54.163511" level="INFO">Found 3 SIP phone(s): 1 LAN, 2 WAN</msg>
<arg>Found ${phone_count} SIP phone(s): ${lan_count} LAN, ${wan_count} WAN</arg>
<doc>Logs the given message with the given level.</doc>
<status status="PASS" start="2026-02-21T13:36:54.163274" elapsed="0.000277"/>
</kw>
<if>
<branch type="IF" condition="$SIPCENTER is not None">
<kw name="The SIP server is running and operational" owner="voice_keywords">
<msg time="2026-02-21T13:36:54.241462" level="INFO">✓ SIP server is running: Running</msg>
<arg>${SIPCENTER}</arg>
<doc>Verify SIP server (Kamailio) is running.</doc>
<status status="PASS" start="2026-02-21T13:36:54.163851" elapsed="0.077721"/>
</kw>
<status status="PASS" start="2026-02-21T13:36:54.163617" elapsed="0.078016"/>
</branch>
<status status="PASS" start="2026-02-21T13:36:54.163597" elapsed="0.078096"/>
</if>
<kw name="Log" owner="BuiltIn">
<msg time="2026-02-21T13:36:54.242377" level="INFO">Voice test environment initialized: 3 phones (1 LAN, 2 WAN)</msg>
<arg>Voice test environment initialized: ${phone_count} phones (${lan_count} LAN, ${wan_count} WAN)</arg>
<doc>Logs the given message with the given level.</doc>
<status status="PASS" start="2026-02-21T13:36:54.241876" elapsed="0.000558"/>
</kw>
<doc>Initialize voice test environment with SIP phones.</doc>
<status status="PASS" start="2026-02-21T13:36:54.151105" elapsed="0.091441"/>
</kw>
<test id="s1-s1-t1" name="UC-12348-Main-V1: LAN Phone Calls WAN Phone (NAT Outbound)" line="34">
<kw name="Check Voice Test Preconditions" owner="voice">
<if>
<branch type="IF" condition="${require_sipcenter} and $SIPCENTER is None">
<kw name="Skip" owner="BuiltIn">
<arg>No SIPServer available in testbed - skipping voice test</arg>
<doc>Skips the rest of the current test.</doc>
<status status="NOT RUN" start="2026-02-21T13:36:54.244233" elapsed="0.000024"/>
</kw>
<status status="NOT RUN" start="2026-02-21T13:36:54.243964" elapsed="0.000327"/>
</branch>
<status status="PASS" start="2026-02-21T13:36:54.243939" elapsed="0.000377"/>
</if>
<if>
<branch type="IF" condition="${PHONE_COUNT} &lt; ${min_phones}">
<kw name="Skip" owner="BuiltIn">
<arg>Testbed has ${PHONE_COUNT} SIP phone(s), but test requires ${min_phones} - skipping</arg>
<doc>Skips the rest of the current test.</doc>
<status status="NOT RUN" start="2026-02-21T13:36:54.244573" elapsed="0.000030"/>
</kw>
<status status="NOT RUN" start="2026-02-21T13:36:54.244368" elapsed="0.000282"/>
</branch>
<status status="PASS" start="2026-02-21T13:36:54.244353" elapsed="0.000344"/>
</if>
<kw name="Get Length" owner="BuiltIn">
<msg time="2026-02-21T13:36:54.245294" level="INFO">Length is 1.</msg>
<msg time="2026-02-21T13:36:54.245421" level="INFO">${lan_count} = 1</msg>
<var>${lan_count}</var>
<arg>${LAN_PHONES}</arg>
<doc>Returns and logs the length of the given item as an integer.</doc>
<status status="PASS" start="2026-02-21T13:36:54.244860" elapsed="0.000588"/>
</kw>
<kw name="Get Length" owner="BuiltIn">
<msg time="2026-02-21T13:36:54.246089" level="INFO">Length is 2.</msg>
<msg time="2026-02-21T13:36:54.246208" level="INFO">${wan_count} = 2</msg>
<var>${wan_count}</var>
<arg>${WAN_PHONES}</arg>
<doc>Returns and logs the length of the given item as an integer.</doc>
<status status="PASS" start="2026-02-21T13:36:54.245617" elapsed="0.000620"/>
</kw>
<if>
<branch type="IF" condition="${lan_count} &lt; ${min_lan}">
<kw name="Skip" owner="BuiltIn">
<arg>Testbed has ${lan_count} LAN phone(s), but test requires ${min_lan} - skipping</arg>
<doc>Skips the rest of the current test.</doc>
<status status="NOT RUN" start="2026-02-21T13:36:54.246619" elapsed="0.000025"/>
</kw>
<status status="NOT RUN" start="2026-02-21T13:36:54.246333" elapsed="0.000382"/>
</branch>
<status status="PASS" start="2026-02-21T13:36:54.246306" elapsed="0.000472"/>
</if>
<if>
<branch type="IF" condition="${wan_count} &lt; ${min_wan}">
<kw name="Skip" owner="BuiltIn">
<arg>Testbed has ${wan_count} WAN phone(s), but test requires ${min_wan} - skipping</arg>
<doc>Skips the rest of the current test.</doc>
<status status="NOT RUN" start="2026-02-21T13:36:54.247430" elapsed="0.000041"/>
</kw>
<status status="NOT RUN" start="2026-02-21T13:36:54.246929" elapsed="0.000601"/>
</branch>
<status status="PASS" start="2026-02-21T13:36:54.246887" elapsed="0.000690"/>
</if>
<kw name="Log" owner="BuiltIn">
<msg time="2026-02-21T13:36:54.248688" level="INFO">Voice test preconditions met: 3 phones (1 LAN, 2 WAN), SIPServer available</msg>
<arg>Voice test preconditions met: ${PHONE_COUNT} phones (${lan_count} LAN, ${wan_count} WAN), SIPServer available</arg>
<doc>Logs the given message with the given level.</doc>
<status status="PASS" start="2026-02-21T13:36:54.247826" elapsed="0.000975"/>
</kw>
<arg>min_phones=2</arg>
<arg>min_lan=1</arg>
<arg>min_wan=1</arg>
<doc>Check if the testbed meets voice test requirements.</doc>
<status status="PASS" start="2026-02-21T13:36:54.243547" elapsed="0.005441"/>
</kw>
<kw name="Setup Phones For Scenario" owner="voice">
<kw name="Assign phones for scenario" owner="voice_keywords">
<msg time="2026-02-21T13:36:54.250902" level="INFO">${caller} = &lt;boardfarm3.devices.pjsip_phone.PJSIPPhone object at 0x772c4897e480&gt;</msg>
<msg time="2026-02-21T13:36:54.250948" level="INFO">${callee} = &lt;boardfarm3.devices.pjsip_phone.PJSIPPhone object at 0x772c47d6a930&gt;</msg>
<var>${caller}</var>
<var>${callee}</var>
<arg>${caller_location}</arg>
<arg>${callee_location}</arg>
<arg>${LAN_PHONES}</arg>
<arg>${WAN_PHONES}</arg>
<doc>Assign caller and callee from location-based phone lists.</doc>
<status status="PASS" start="2026-02-21T13:36:54.250492" elapsed="0.000479"/>
</kw>
<kw name="Set Test Variable" owner="BuiltIn">
<msg time="2026-02-21T13:36:54.251471" level="INFO">${CALLER} = &lt;boardfarm3.devices.pjsip_phone.PJSIPPhone object at 0x772c4897e480&gt;</msg>
<arg>${CALLER}</arg>
<arg>${caller}</arg>
<doc>Makes a variable available everywhere within the scope of the current test.</doc>
<status status="PASS" start="2026-02-21T13:36:54.251133" elapsed="0.000387"/>
</kw>
<kw name="Set Test Variable" owner="BuiltIn">
<msg time="2026-02-21T13:36:54.251975" level="INFO">${CALLEE} = &lt;boardfarm3.devices.pjsip_phone.PJSIPPhone object at 0x772c47d6a930&gt;</msg>
<arg>${CALLEE}</arg>
<arg>${callee}</arg>
<doc>Makes a variable available everywhere within the scope of the current test.</doc>
<status status="PASS" start="2026-02-21T13:36:54.251654" elapsed="0.000363"/>
</kw>
<kw name="Assign caller and callee roles" owner="voice_keywords">
<msg time="2026-02-21T13:36:54.252393" level="INFO">✓ Assigned roles: caller=lan_phone, callee=wan_phone</msg>
<arg>${caller}</arg>
<arg>${callee}</arg>
<doc>Assign caller and callee roles to phones.</doc>
<status status="PASS" start="2026-02-21T13:36:54.252138" elapsed="0.000402"/>
</kw>
<if>
<branch type="IF" condition="'${caller_location}' == 'LAN'">
<kw name="Register Phone On LAN Side" owner="voice">
<kw name="Get Device Property" owner="boardfarm_keywords">
<msg time="2026-02-21T13:36:54.253767" level="INFO">${phone_number} = 1000</msg>
<var>${phone_number}</var>
<arg>${phone}</arg>
<arg>number</arg>
<doc>Get a property value from a device object.</doc>
<status status="PASS" start="2026-02-21T13:36:54.253288" elapsed="0.000508"/>
</kw>
<kw name="Register phone with SIP server" owner="voice_keywords">
<msg time="2026-02-21T13:36:56.669240" level="INFO">✓ Phone lan_phone (number 1000) is registered</msg>
<arg>${phone}</arg>
<arg>${SIPCENTER}</arg>
<arg>name=lan_phone</arg>
<doc>Register a phone with the SIP server.</doc>
<status status="PASS" start="2026-02-21T13:36:54.253933" elapsed="2.415424"/>
</kw>
<kw name="Log" owner="BuiltIn">
<msg time="2026-02-21T13:36:56.670068" level="INFO">Phone 1000 registered on LAN side</msg>
<arg>Phone ${phone_number} registered on LAN side</arg>
<doc>Logs the given message with the given level.</doc>
<status status="PASS" start="2026-02-21T13:36:56.669613" elapsed="0.000506"/>
</kw>
<arg>${caller}</arg>
<doc>Register a SIP phone on the LAN side of the CPE.
Phone number is extracted from the device object's 'number' property.</doc>
<status status="PASS" start="2026-02-21T13:36:54.252926" elapsed="2.417262"/>
</kw>
<status status="PASS" start="2026-02-21T13:36:54.252654" elapsed="2.417578"/>
</branch>
<branch type="ELSE">
<kw name="Register Phone On WAN Side" owner="voice">
<arg>${caller}</arg>
<doc>Register a SIP phone on the WAN side of the CPE.
Phone number is extracted from the device object's 'number' property.</doc>
<status status="NOT RUN" start="2026-02-21T13:36:56.670574" elapsed="0.000039"/>
</kw>
<status status="NOT RUN" start="2026-02-21T13:36:56.670294" elapsed="0.000386"/>
</branch>
<status status="PASS" start="2026-02-21T13:36:54.252625" elapsed="2.418106"/>
</if>
<if>
<branch type="IF" condition="'${callee_location}' == 'LAN'">
<kw name="Register Phone On LAN Side" owner="voice">
<arg>${callee}</arg>
<doc>Register a SIP phone on the LAN side of the CPE.
Phone number is extracted from the device object's 'number' property.</doc>
<status status="NOT RUN" start="2026-02-21T13:36:56.671348" elapsed="0.000041"/>
</kw>
<status status="NOT RUN" start="2026-02-21T13:36:56.670855" elapsed="0.000606"/>
</branch>
<branch type="ELSE">
<kw name="Register Phone On WAN Side" owner="voice">
<kw name="Get Device Property" owner="boardfarm_keywords">
<msg time="2026-02-21T13:36:56.672481" level="INFO">${phone_number} = 2000</msg>
<var>${phone_number}</var>
<arg>${phone}</arg>
<arg>number</arg>
<doc>Get a property value from a device object.</doc>
<status status="PASS" start="2026-02-21T13:36:56.672170" elapsed="0.000353"/>
</kw>
<kw name="Register phone with SIP server" owner="voice_keywords">
<msg time="2026-02-21T13:36:59.096544" level="INFO">✓ Phone wan_phone (number 2000) is registered</msg>
<arg>${phone}</arg>
<arg>${SIPCENTER}</arg>
<doc>Register a phone with the SIP server.</doc>
<status status="PASS" start="2026-02-21T13:36:56.672763" elapsed="2.423871"/>
</kw>
<kw name="Log" owner="BuiltIn">
<msg time="2026-02-21T13:36:59.097205" level="INFO">Phone 2000 registered on WAN side</msg>
<arg>Phone ${phone_number} registered on WAN side</arg>
<doc>Logs the given message with the given level.</doc>
<status status="PASS" start="2026-02-21T13:36:59.096854" elapsed="0.000404"/>
</kw>
<arg>${callee}</arg>
<doc>Register a SIP phone on the WAN side of the CPE.
Phone number is extracted from the device object's 'number' property.</doc>
<status status="PASS" start="2026-02-21T13:36:56.671722" elapsed="2.425605"/>
</kw>
<status status="PASS" start="2026-02-21T13:36:56.671502" elapsed="2.425860"/>
</branch>
<status status="PASS" start="2026-02-21T13:36:56.670814" elapsed="2.426575"/>
</if>
<arg>caller_location=LAN</arg>
<arg>callee_location=WAN</arg>
<doc>Assign caller and callee by network location, register them, and set roles.</doc>
<status status="PASS" start="2026-02-21T13:36:54.249789" elapsed="4.847654"/>
</kw>
<kw name="Caller calls callee" owner="voice_keywords">
<msg time="2026-02-21T13:36:59.325968" level="INFO">Phone lan_phone dialing 2000...
✓ Phone lan_phone dialed 2000</msg>
<doc>Caller dials the callee's number.</doc>
<status status="PASS" start="2026-02-21T13:36:59.097675" elapsed="0.228533"/>
</kw>
<kw name="The callee phone should start ringing" owner="voice_keywords">
<msg time="2026-02-21T13:36:59.388833" level="INFO">✓ Phone wan_phone reached ringing state</msg>
<doc>Alias for Verify phone is ringing.</doc>
<status status="PASS" start="2026-02-21T13:36:59.326799" elapsed="0.062148"/>
</kw>
<kw name="Callee answers call" owner="voice_keywords">
<msg time="2026-02-21T13:36:59.740597" level="INFO">Phone wan_phone answering call...
✓ Phone wan_phone answered call</msg>
<doc>Callee answers incoming call.</doc>
<status status="PASS" start="2026-02-21T13:36:59.389185" elapsed="0.351514"/>
</kw>
<kw name="Both phones should be connected" owner="voice_keywords">
<msg time="2026-02-21T13:36:59.874625" level="INFO">✓ Phone lan_phone reached connected state
✓ Phone wan_phone reached connected state</msg>
<doc>Verify both phones are in connected state.</doc>
<status status="PASS" start="2026-02-21T13:36:59.740997" elapsed="0.133735"/>
</kw>
<kw name="A bidirectional RTP media session should be established" owner="voice_keywords">
<msg time="2026-02-21T13:36:59.980504" level="INFO">✓ Bidirectional RTP media session established</msg>
<doc>Verify RTP media session is established.</doc>
<status status="PASS" start="2026-02-21T13:36:59.874979" elapsed="0.105621"/>
</kw>
<kw name="Log" owner="BuiltIn">
<msg time="2026-02-21T13:36:59.981183" level="INFO">Voice communication established through CPE NAT</msg>
<arg>Voice communication established through CPE NAT</arg>
<doc>Logs the given message with the given level.</doc>
<status status="PASS" start="2026-02-21T13:36:59.980862" elapsed="0.000378"/>
</kw>
<kw name="Caller hangs up" owner="voice_keywords">
<msg time="2026-02-21T13:37:00.152316" level="INFO">Phone lan_phone hanging up...
✓ Phone lan_phone hung up</msg>
<doc>Caller hangs up the call.</doc>
<status status="PASS" start="2026-02-21T13:36:59.981507" elapsed="0.170916"/>
</kw>
<kw name="Verify SIP call terminated" owner="voice_keywords">
<msg time="2026-02-21T13:37:00.236445" level="INFO">✓ SIP server terminated call (0 active calls)</msg>
<doc>Verify SIP server terminated the call.</doc>
<status status="PASS" start="2026-02-21T13:37:00.152829" elapsed="0.083714"/>
</kw>
<kw name="Both phones should return to idle state" owner="voice_keywords">
<msg time="2026-02-21T13:37:00.369124" level="INFO">✓ Phone lan_phone reached idle state
✓ Phone wan_phone reached idle state</msg>
<doc>Verify both phones returned to idle state.</doc>
<status status="PASS" start="2026-02-21T13:37:00.236851" elapsed="0.132361"/>
</kw>
<kw name="Cleanup Voice Test" type="TEARDOWN">
<kw name="Run Keyword And Ignore Error" owner="BuiltIn">
<kw name="Cleanup Single SIP Phone" owner="cleanup">
<if>
<branch type="IF" condition="$phone is None">
<kw name="Log" owner="BuiltIn">
<arg>Phone is None - nothing to clean up</arg>
<doc>Logs the given message with the given level.</doc>
<status status="NOT RUN" start="2026-02-21T13:37:00.371248" elapsed="0.000024"/>
</kw>
<return>
<status status="NOT RUN" start="2026-02-21T13:37:00.371325" elapsed="0.000025"/>
</return>
<status status="NOT RUN" start="2026-02-21T13:37:00.371019" elapsed="0.000359"/>
</branch>
<status status="PASS" start="2026-02-21T13:37:00.370993" elapsed="0.000406"/>
</if>
<kw name="Run Keyword And Ignore Error" owner="BuiltIn">
<kw name="Phone hangs up" owner="voice_keywords">
<msg time="2026-02-21T13:37:00.538793" level="INFO">Phone lan_phone hanging up...
✓ Phone lan_phone hung up</msg>
<arg>${phone}</arg>
<doc>Hang up active call.</doc>
<status status="PASS" start="2026-02-21T13:37:00.371996" elapsed="0.166985"/>
</kw>
<arg>Phone Hangs Up</arg>
<arg>${phone}</arg>
<doc>Runs the given keyword with the given arguments and ignores possible error.</doc>
<status status="PASS" start="2026-02-21T13:37:00.371517" elapsed="0.167713"/>
</kw>
<kw name="Log" owner="BuiltIn">
<msg time="2026-02-21T13:37:00.539822" level="INFO">Cleaned up phone</msg>
<arg>Cleaned up phone</arg>
<doc>Logs the given message with the given level.</doc>
<status status="PASS" start="2026-02-21T13:37:00.539488" elapsed="0.000388"/>
</kw>
<arg>${CALLER}</arg>
<doc>Clean up a single SIP phone - hang up any active call.</doc>
<status status="PASS" start="2026-02-21T13:37:00.370676" elapsed="0.169266"/>
</kw>
<arg>Cleanup Single SIP Phone</arg>
<arg>${CALLER}</arg>
<doc>Runs the given keyword with the given arguments and ignores possible error.</doc>
<status status="PASS" start="2026-02-21T13:37:00.370023" elapsed="0.169962"/>
</kw>
<kw name="Run Keyword And Ignore Error" owner="BuiltIn">
<kw name="Cleanup Single SIP Phone" owner="cleanup">
<if>
<branch type="IF" condition="$phone is None">
<kw name="Log" owner="BuiltIn">
<arg>Phone is None - nothing to clean up</arg>
<doc>Logs the given message with the given level.</doc>
<status status="NOT RUN" start="2026-02-21T13:37:00.541345" elapsed="0.000021"/>
</kw>
<return>
<status status="NOT RUN" start="2026-02-21T13:37:00.541408" elapsed="0.000023"/>
</return>
<status status="NOT RUN" start="2026-02-21T13:37:00.541090" elapsed="0.000378"/>
</branch>
<status status="PASS" start="2026-02-21T13:37:00.541068" elapsed="0.000431"/>
</if>
<kw name="Run Keyword And Ignore Error" owner="BuiltIn">
<kw name="Phone hangs up" owner="voice_keywords">
<msg time="2026-02-21T13:37:00.710908" level="INFO">Phone wan_phone hanging up...
✓ Phone wan_phone hung up</msg>
<arg>${phone}</arg>
<doc>Hang up active call.</doc>
<status status="PASS" start="2026-02-21T13:37:00.542000" elapsed="0.169006"/>
</kw>
<arg>Phone Hangs Up</arg>
<arg>${phone}</arg>
<doc>Runs the given keyword with the given arguments and ignores possible error.</doc>
<status status="PASS" start="2026-02-21T13:37:00.541644" elapsed="0.169430"/>
</kw>
<kw name="Log" owner="BuiltIn">
<msg time="2026-02-21T13:37:00.711506" level="INFO">Cleaned up phone</msg>
<arg>Cleaned up phone</arg>
<doc>Logs the given message with the given level.</doc>
<status status="PASS" start="2026-02-21T13:37:00.711244" elapsed="0.000309"/>
</kw>
<arg>${CALLEE}</arg>
<doc>Clean up a single SIP phone - hang up any active call.</doc>
<status status="PASS" start="2026-02-21T13:37:00.540818" elapsed="0.170794"/>
</kw>
<arg>Cleanup Single SIP Phone</arg>
<arg>${CALLEE}</arg>
<doc>Runs the given keyword with the given arguments and ignores possible error.</doc>
<status status="PASS" start="2026-02-21T13:37:00.540136" elapsed="0.171538"/>
</kw>
<doc>Clean up phones after each test.
Uses Run Keyword And Ignore Error because variables may not be set
if test was skipped or failed early.</doc>
<status status="PASS" start="2026-02-21T13:37:00.369564" elapsed="0.342181"/>
</kw>
<doc>LAN phone calls WAN phone - tests NAT outbound traversal
Requires: 1 LAN + 1 WAN phone, SIPServer</doc>
<tag>boardfarm-bdd</tag>
<tag>call</tag>
<tag>main-scenario</tag>
<tag>nat-outbound</tag>
<tag>UC-12348</tag>
<tag>voice</tag>
<status status="PASS" start="2026-02-21T13:36:54.242703" elapsed="6.469138"/>
</test>
<test id="s1-s1-t2" name="UC-12348-Main-V2: LAN Phone Calls WAN Phone 2 (NAT Outbound)" line="59">
<kw name="Check Voice Test Preconditions" owner="voice">
<if>
<branch type="IF" condition="${require_sipcenter} and $SIPCENTER is None">
<kw name="Skip" owner="BuiltIn">
<arg>No SIPServer available in testbed - skipping voice test</arg>
<doc>Skips the rest of the current test.</doc>
<status status="NOT RUN" start="2026-02-21T13:37:00.713749" elapsed="0.000025"/>
</kw>
<status status="NOT RUN" start="2026-02-21T13:37:00.713446" elapsed="0.000360"/>
</branch>
<status status="PASS" start="2026-02-21T13:37:00.713411" elapsed="0.000424"/>
</if>
<if>
<branch type="IF" condition="${PHONE_COUNT} &lt; ${min_phones}">
<kw name="Skip" owner="BuiltIn">
<arg>Testbed has ${PHONE_COUNT} SIP phone(s), but test requires ${min_phones} - skipping</arg>
<doc>Skips the rest of the current test.</doc>
<status status="NOT RUN" start="2026-02-21T13:37:00.714103" elapsed="0.000020"/>
</kw>
<status status="NOT RUN" start="2026-02-21T13:37:00.713890" elapsed="0.000272"/>
</branch>
<status status="PASS" start="2026-02-21T13:37:00.713874" elapsed="0.000309"/>
</if>
<kw name="Get Length" owner="BuiltIn">
<msg time="2026-02-21T13:37:00.714730" level="INFO">Length is 1.</msg>
<msg time="2026-02-21T13:37:00.714810" level="INFO">${lan_count} = 1</msg>
<var>${lan_count}</var>
<arg>${LAN_PHONES}</arg>
<doc>Returns and logs the length of the given item as an integer.</doc>
<status status="PASS" start="2026-02-21T13:37:00.714312" elapsed="0.000530"/>
</kw>
<kw name="Get Length" owner="BuiltIn">
<msg time="2026-02-21T13:37:00.715209" level="INFO">Length is 2.</msg>
<msg time="2026-02-21T13:37:00.715286" level="INFO">${wan_count} = 2</msg>
<var>${wan_count}</var>
<arg>${WAN_PHONES}</arg>
<doc>Returns and logs the length of the given item as an integer.</doc>
<status status="PASS" start="2026-02-21T13:37:00.714945" elapsed="0.000363"/>
</kw>
<if>
<branch type="IF" condition="${lan_count} &lt; ${min_lan}">
<kw name="Skip" owner="BuiltIn">
<arg>Testbed has ${lan_count} LAN phone(s), but test requires ${min_lan} - skipping</arg>
<doc>Skips the rest of the current test.</doc>
<status status="NOT RUN" start="2026-02-21T13:37:00.715567" elapsed="0.000021"/>
</kw>
<status status="NOT RUN" start="2026-02-21T13:37:00.715371" elapsed="0.000246"/>
</branch>
<status status="PASS" start="2026-02-21T13:37:00.715353" elapsed="0.000286"/>
</if>
<if>
<branch type="IF" condition="${wan_count} &lt; ${min_wan}">
<kw name="Skip" owner="BuiltIn">
<arg>Testbed has ${wan_count} WAN phone(s), but test requires ${min_wan} - skipping</arg>
<doc>Skips the rest of the current test.</doc>
<status status="NOT RUN" start="2026-02-21T13:37:00.715879" elapsed="0.000018"/>
</kw>
<status status="NOT RUN" start="2026-02-21T13:37:00.715719" elapsed="0.000206"/>
</branch>
<status status="PASS" start="2026-02-21T13:37:00.715704" elapsed="0.000240"/>
</if>
<kw name="Log" owner="BuiltIn">
<msg time="2026-02-21T13:37:00.716265" level="INFO">Voice test preconditions met: 3 phones (1 LAN, 2 WAN), SIPServer available</msg>
<arg>Voice test preconditions met: ${PHONE_COUNT} phones (${lan_count} LAN, ${wan_count} WAN), SIPServer available</arg>
<doc>Logs the given message with the given level.</doc>
<status status="PASS" start="2026-02-21T13:37:00.716025" elapsed="0.000280"/>
</kw>
<arg>min_phones=3</arg>
<arg>min_lan=1</arg>
<arg>min_wan=2</arg>
<doc>Check if the testbed meets voice test requirements.</doc>
<status status="PASS" start="2026-02-21T13:37:00.713031" elapsed="0.003326"/>
</kw>
<kw name="Setup Phones For Scenario" owner="voice">
<kw name="Assign phones for scenario" owner="voice_keywords">
<msg time="2026-02-21T13:37:00.717201" level="INFO">${caller} = &lt;boardfarm3.devices.pjsip_phone.PJSIPPhone object at 0x772c4897e480&gt;</msg>
<msg time="2026-02-21T13:37:00.717240" level="INFO">${callee} = &lt;boardfarm3.devices.pjsip_phone.PJSIPPhone object at 0x772c48d04590&gt;</msg>
<var>${caller}</var>
<var>${callee}</var>
<arg>${caller_location}</arg>
<arg>${callee_location}</arg>
<arg>${LAN_PHONES}</arg>
<arg>${WAN_PHONES}</arg>
<doc>Assign caller and callee from location-based phone lists.</doc>
<status status="PASS" start="2026-02-21T13:37:00.716984" elapsed="0.000276"/>
</kw>
<kw name="Set Test Variable" owner="BuiltIn">
<msg time="2026-02-21T13:37:00.717622" level="INFO">${CALLER} = &lt;boardfarm3.devices.pjsip_phone.PJSIPPhone object at 0x772c4897e480&gt;</msg>
<arg>${CALLER}</arg>
<arg>${caller}</arg>
<doc>Makes a variable available everywhere within the scope of the current test.</doc>
<status status="PASS" start="2026-02-21T13:37:00.717368" elapsed="0.000317"/>
</kw>
<kw name="Set Test Variable" owner="BuiltIn">
<msg time="2026-02-21T13:37:00.718131" level="INFO">${CALLEE} = &lt;boardfarm3.devices.pjsip_phone.PJSIPPhone object at 0x772c48d04590&gt;</msg>
<arg>${CALLEE}</arg>
<arg>${callee}</arg>
<doc>Makes a variable available everywhere within the scope of the current test.</doc>
<status status="PASS" start="2026-02-21T13:37:00.717804" elapsed="0.000366"/>
</kw>
<kw name="Assign caller and callee roles" owner="voice_keywords">
<msg time="2026-02-21T13:37:00.718441" level="INFO">✓ Assigned roles: caller=lan_phone, callee=wan_phone2</msg>
<arg>${caller}</arg>
<arg>${callee}</arg>
<doc>Assign caller and callee roles to phones.</doc>
<status status="PASS" start="2026-02-21T13:37:00.718266" elapsed="0.000214"/>
</kw>
<if>
<branch type="IF" condition="'${caller_location}' == 'LAN'">
<kw name="Register Phone On LAN Side" owner="voice">
<kw name="Get Device Property" owner="boardfarm_keywords">
<msg time="2026-02-21T13:37:00.719149" level="INFO">${phone_number} = 1000</msg>
<var>${phone_number}</var>
<arg>${phone}</arg>
<arg>number</arg>
<doc>Get a property value from a device object.</doc>
<status status="PASS" start="2026-02-21T13:37:00.719009" elapsed="0.000163"/>
</kw>
<kw name="Register phone with SIP server" owner="voice_keywords">
<msg time="2026-02-21T13:37:03.147867" level="INFO">✓ Phone lan_phone (number 1000) is registered</msg>
<arg>${phone}</arg>
<arg>${SIPCENTER}</arg>
<arg>name=lan_phone</arg>
<doc>Register a phone with the SIP server.</doc>
<status status="PASS" start="2026-02-21T13:37:00.719266" elapsed="2.428868"/>
</kw>
<kw name="Log" owner="BuiltIn">
<msg time="2026-02-21T13:37:03.149872" level="INFO">Phone 1000 registered on LAN side</msg>
<arg>Phone ${phone_number} registered on LAN side</arg>
<doc>Logs the given message with the given level.</doc>
<status status="PASS" start="2026-02-21T13:37:03.148766" elapsed="0.001295"/>
</kw>
<arg>${caller}</arg>
<doc>Register a SIP phone on the LAN side of the CPE.
Phone number is extracted from the device object's 'number' property.</doc>
<status status="PASS" start="2026-02-21T13:37:00.718774" elapsed="2.431519"/>
</kw>
<status status="PASS" start="2026-02-21T13:37:00.718540" elapsed="2.431875"/>
</branch>
<branch type="ELSE">
<kw name="Register Phone On WAN Side" owner="voice">
<arg>${caller}</arg>
<doc>Register a SIP phone on the WAN side of the CPE.
Phone number is extracted from the device object's 'number' property.</doc>
<status status="NOT RUN" start="2026-02-21T13:37:03.151172" elapsed="0.000093"/>
</kw>
<status status="NOT RUN" start="2026-02-21T13:37:03.150551" elapsed="0.000835"/>
</branch>
<status status="PASS" start="2026-02-21T13:37:00.718524" elapsed="2.432944"/>
</if>
<if>
<branch type="IF" condition="'${callee_location}' == 'LAN'">
<kw name="Register Phone On LAN Side" owner="voice">
<arg>${callee}</arg>
<doc>Register a SIP phone on the LAN side of the CPE.
Phone number is extracted from the device object's 'number' property.</doc>
<status status="NOT RUN" start="2026-02-21T13:37:03.151910" elapsed="0.000028"/>
</kw>
<status status="NOT RUN" start="2026-02-21T13:37:03.151588" elapsed="0.000398"/>
</branch>
<branch type="ELSE">
<kw name="Register Phone On WAN Side" owner="voice">
<kw name="Get Device Property" owner="boardfarm_keywords">
<msg time="2026-02-21T13:37:03.152763" level="INFO">${phone_number} = 3000</msg>
<var>${phone_number}</var>
<arg>${phone}</arg>
<arg>number</arg>
<doc>Get a property value from a device object.</doc>
<status status="PASS" start="2026-02-21T13:37:03.152565" elapsed="0.000226"/>
</kw>
<kw name="Register phone with SIP server" owner="voice_keywords">
<msg time="2026-02-21T13:37:05.576446" level="INFO">✓ Phone wan_phone2 (number 3000) is registered</msg>
<arg>${phone}</arg>
<arg>${SIPCENTER}</arg>
<doc>Register a phone with the SIP server.</doc>
<status status="PASS" start="2026-02-21T13:37:03.152909" elapsed="2.423981"/>
</kw>
<kw name="Log" owner="BuiltIn">
<msg time="2026-02-21T13:37:05.580837" level="INFO">Phone 3000 registered on WAN side</msg>
<arg>Phone ${phone_number} registered on WAN side</arg>
<doc>Logs the given message with the given level.</doc>
<status status="PASS" start="2026-02-21T13:37:05.577800" elapsed="0.003278"/>
</kw>
<arg>${callee}</arg>
<doc>Register a SIP phone on the WAN side of the CPE.
Phone number is extracted from the device object's 'number' property.</doc>
<status status="PASS" start="2026-02-21T13:37:03.152177" elapsed="2.429191"/>
</kw>
<status status="PASS" start="2026-02-21T13:37:03.152022" elapsed="2.429490"/>
</branch>
<status status="PASS" start="2026-02-21T13:37:03.151567" elapsed="2.430052"/>
</if>
<arg>caller_location=LAN</arg>
<arg>callee_location=WAN2</arg>
<doc>Assign caller and callee by network location, register them, and set roles.</doc>
<status status="PASS" start="2026-02-21T13:37:00.716735" elapsed="4.865145"/>
</kw>
<kw name="Caller calls callee" owner="voice_keywords">
<msg time="2026-02-21T13:37:05.818397" level="INFO">Phone lan_phone dialing 3000...
✓ Phone lan_phone dialed 3000</msg>
<doc>Caller dials the callee's number.</doc>
<status status="PASS" start="2026-02-21T13:37:05.582572" elapsed="0.236040"/>
</kw>
<kw name="The callee phone should start ringing" owner="voice_keywords">
<msg time="2026-02-21T13:37:05.881790" level="INFO">✓ Phone wan_phone2 reached ringing state</msg>
<doc>Alias for Verify phone is ringing.</doc>
<status status="PASS" start="2026-02-21T13:37:05.819104" elapsed="0.062776"/>
</kw>
<kw name="Callee answers call" owner="voice_keywords">
<msg time="2026-02-21T13:37:06.251491" level="INFO">Phone wan_phone2 answering call...
✓ Phone wan_phone2 answered call</msg>
<doc>Callee answers incoming call.</doc>
<status status="PASS" start="2026-02-21T13:37:05.882129" elapsed="0.369455"/>
</kw>
<kw name="Both phones should be connected" owner="voice_keywords">
<msg time="2026-02-21T13:37:06.374484" level="INFO">✓ Phone lan_phone reached connected state
✓ Phone wan_phone2 reached connected state</msg>
<doc>Verify both phones are in connected state.</doc>
<status status="PASS" start="2026-02-21T13:37:06.251810" elapsed="0.122795"/>
</kw>
<kw name="A bidirectional RTP media session should be established" owner="voice_keywords">
<msg time="2026-02-21T13:37:06.486632" level="INFO">✓ Bidirectional RTP media session established</msg>
<doc>Verify RTP media session is established.</doc>
<status status="PASS" start="2026-02-21T13:37:06.374864" elapsed="0.111942"/>
</kw>
<kw name="Log" owner="BuiltIn">
<msg time="2026-02-21T13:37:06.487713" level="INFO">Voice communication established through CPE NAT</msg>
<arg>Voice communication established through CPE NAT</arg>
<doc>Logs the given message with the given level.</doc>
<status status="PASS" start="2026-02-21T13:37:06.487255" elapsed="0.000530"/>
</kw>
<kw name="Caller hangs up" owner="voice_keywords">
<msg time="2026-02-21T13:37:06.652380" level="INFO">Phone lan_phone hanging up...
✓ Phone lan_phone hung up</msg>
<doc>Caller hangs up the call.</doc>
<status status="PASS" start="2026-02-21T13:37:06.488058" elapsed="0.164580"/>
</kw>
<kw name="Verify SIP call terminated" owner="voice_keywords">
<msg time="2026-02-21T13:37:06.732461" level="INFO">✓ SIP server terminated call (0 active calls)</msg>
<doc>Verify SIP server terminated the call.</doc>
<status status="PASS" start="2026-02-21T13:37:06.653367" elapsed="0.079185"/>
</kw>
<kw name="Both phones should return to idle state" owner="voice_keywords">
<msg time="2026-02-21T13:37:06.861562" level="INFO">✓ Phone lan_phone reached idle state
✓ Phone wan_phone2 reached idle state</msg>
<doc>Verify both phones returned to idle state.</doc>
<status status="PASS" start="2026-02-21T13:37:06.732787" elapsed="0.128861"/>
</kw>
<kw name="Cleanup Voice Test" type="TEARDOWN">
<kw name="Run Keyword And Ignore Error" owner="BuiltIn">
<kw name="Cleanup Single SIP Phone" owner="cleanup">
<if>
<branch type="IF" condition="$phone is None">
<kw name="Log" owner="BuiltIn">
<arg>Phone is None - nothing to clean up</arg>
<doc>Logs the given message with the given level.</doc>
<status status="NOT RUN" start="2026-02-21T13:37:06.863292" elapsed="0.000022"/>
</kw>
<return>
<status status="NOT RUN" start="2026-02-21T13:37:06.863415" elapsed="0.000020"/>
</return>
<status status="NOT RUN" start="2026-02-21T13:37:06.863068" elapsed="0.000394"/>
</branch>
<status status="PASS" start="2026-02-21T13:37:06.863045" elapsed="0.000449"/>
</if>
<kw name="Run Keyword And Ignore Error" owner="BuiltIn">
<kw name="Phone hangs up" owner="voice_keywords">
<msg time="2026-02-21T13:37:07.035072" level="INFO">Phone lan_phone hanging up...
✓ Phone lan_phone hung up</msg>
<arg>${phone}</arg>
<doc>Hang up active call.</doc>
<status status="PASS" start="2026-02-21T13:37:06.864893" elapsed="0.170447"/>
</kw>
<arg>Phone Hangs Up</arg>
<arg>${phone}</arg>
<doc>Runs the given keyword with the given arguments and ignores possible error.</doc>
<status status="PASS" start="2026-02-21T13:37:06.863920" elapsed="0.171636"/>
</kw>
<kw name="Log" owner="BuiltIn">
<msg time="2026-02-21T13:37:07.037442" level="INFO">Cleaned up phone</msg>
<arg>Cleaned up phone</arg>
<doc>Logs the given message with the given level.</doc>
<status status="PASS" start="2026-02-21T13:37:07.036087" elapsed="0.001720"/>
</kw>
<arg>${CALLER}</arg>
<doc>Clean up a single SIP phone - hang up any active call.</doc>
<status status="PASS" start="2026-02-21T13:37:06.862813" elapsed="0.175351"/>
</kw>
<arg>Cleanup Single SIP Phone</arg>
<arg>${CALLER}</arg>
<doc>Runs the given keyword with the given arguments and ignores possible error.</doc>
<status status="PASS" start="2026-02-21T13:37:06.862383" elapsed="0.176095"/>
</kw>
<kw name="Run Keyword And Ignore Error" owner="BuiltIn">
<kw name="Cleanup Single SIP Phone" owner="cleanup">
<if>
<branch type="IF" condition="$phone is None">
<kw name="Log" owner="BuiltIn">
<arg>Phone is None - nothing to clean up</arg>
<doc>Logs the given message with the given level.</doc>
<status status="NOT RUN" start="2026-02-21T13:37:07.040258" elapsed="0.000032"/>
</kw>
<return>
<status status="NOT RUN" start="2026-02-21T13:37:07.040331" elapsed="0.000016"/>
</return>
<status status="NOT RUN" start="2026-02-21T13:37:07.039992" elapsed="0.000379"/>
</branch>
<status status="PASS" start="2026-02-21T13:37:07.039966" elapsed="0.000425"/>
</if>
<kw name="Run Keyword And Ignore Error" owner="BuiltIn">
<kw name="Phone hangs up" owner="voice_keywords">
<msg time="2026-02-21T13:37:07.194981" level="INFO">Phone wan_phone2 hanging up...
✓ Phone wan_phone2 hung up</msg>
<arg>${phone}</arg>
<doc>Hang up active call.</doc>
<status status="PASS" start="2026-02-21T13:37:07.040773" elapsed="0.154356"/>
</kw>
<arg>Phone Hangs Up</arg>
<arg>${phone}</arg>
<doc>Runs the given keyword with the given arguments and ignores possible error.</doc>
<status status="PASS" start="2026-02-21T13:37:07.040504" elapsed="0.154737"/>
</kw>
<kw name="Log" owner="BuiltIn">
<msg time="2026-02-21T13:37:07.195946" level="INFO">Cleaned up phone</msg>
<arg>Cleaned up phone</arg>
<doc>Logs the given message with the given level.</doc>
<status status="PASS" start="2026-02-21T13:37:07.195480" elapsed="0.000539"/>
</kw>
<arg>${CALLEE}</arg>
<doc>Clean up a single SIP phone - hang up any active call.</doc>
<status status="PASS" start="2026-02-21T13:37:07.039681" elapsed="0.156440"/>
</kw>
<arg>Cleanup Single SIP Phone</arg>
<arg>${CALLEE}</arg>
<doc>Runs the given keyword with the given arguments and ignores possible error.</doc>
<status status="PASS" start="2026-02-21T13:37:07.039131" elapsed="0.157065"/>
</kw>
<doc>Clean up phones after each test.
Uses Run Keyword And Ignore Error because variables may not be set
if test was skipped or failed early.</doc>
<status status="PASS" start="2026-02-21T13:37:06.861977" elapsed="0.334318"/>
</kw>
<doc>LAN phone calls WAN phone 2 - tests NAT outbound traversal
Requires: 1 LAN + 2 WAN phones, SIPServer</doc>
<tag>boardfarm-bdd</tag>
<tag>call</tag>
<tag>main-scenario</tag>
<tag>nat-outbound</tag>
<tag>UC-12348</tag>
<tag>voice</tag>
<status status="PASS" start="2026-02-21T13:37:00.712140" elapsed="6.484269"/>
</test>
<test id="s1-s1-t3" name="UC-12348-Main-V3: WAN Phone Calls LAN Phone (NAT Inbound)" line="84">
<kw name="Check Voice Test Preconditions" owner="voice">
<if>
<branch type="IF" condition="${require_sipcenter} and $SIPCENTER is None">
<kw name="Skip" owner="BuiltIn">
<arg>No SIPServer available in testbed - skipping voice test</arg>
<doc>Skips the rest of the current test.</doc>
<status status="NOT RUN" start="2026-02-21T13:37:07.198560" elapsed="0.000026"/>
</kw>
<status status="NOT RUN" start="2026-02-21T13:37:07.198185" elapsed="0.000444"/>
</branch>
<status status="PASS" start="2026-02-21T13:37:07.198150" elapsed="0.000524"/>
</if>
<if>
<branch type="IF" condition="${PHONE_COUNT} &lt; ${min_phones}">
<kw name="Skip" owner="BuiltIn">
<arg>Testbed has ${PHONE_COUNT} SIP phone(s), but test requires ${min_phones} - skipping</arg>
<doc>Skips the rest of the current test.</doc>
<status status="NOT RUN" start="2026-02-21T13:37:07.198969" elapsed="0.000020"/>
</kw>
<status status="NOT RUN" start="2026-02-21T13:37:07.198742" elapsed="0.000276"/>
</branch>
<status status="PASS" start="2026-02-21T13:37:07.198726" elapsed="0.000312"/>
</if>
<kw name="Get Length" owner="BuiltIn">
<msg time="2026-02-21T13:37:07.199398" level="INFO">Length is 1.</msg>
<msg time="2026-02-21T13:37:07.199475" level="INFO">${lan_count} = 1</msg>
<var>${lan_count}</var>
<arg>${LAN_PHONES}</arg>
<doc>Returns and logs the length of the given item as an integer.</doc>
<status status="PASS" start="2026-02-21T13:37:07.199127" elapsed="0.000370"/>
</kw>
<kw name="Get Length" owner="BuiltIn">
<msg time="2026-02-21T13:37:07.199884" level="INFO">Length is 2.</msg>
<msg time="2026-02-21T13:37:07.199953" level="INFO">${wan_count} = 2</msg>
<var>${wan_count}</var>
<arg>${WAN_PHONES}</arg>
<doc>Returns and logs the length of the given item as an integer.</doc>
<status status="PASS" start="2026-02-21T13:37:07.199607" elapsed="0.000367"/>
</kw>
<if>
<branch type="IF" condition="${lan_count} &lt; ${min_lan}">
<kw name="Skip" owner="BuiltIn">
<arg>Testbed has ${lan_count} LAN phone(s), but test requires ${min_lan} - skipping</arg>
<doc>Skips the rest of the current test.</doc>
<status status="NOT RUN" start="2026-02-21T13:37:07.200199" elapsed="0.000019"/>
</kw>
<status status="NOT RUN" start="2026-02-21T13:37:07.200037" elapsed="0.000209"/>
</branch>
<status status="PASS" start="2026-02-21T13:37:07.200020" elapsed="0.000247"/>
</if>
<if>
<branch type="IF" condition="${wan_count} &lt; ${min_wan}">
<kw name="Skip" owner="BuiltIn">
<arg>Testbed has ${wan_count} WAN phone(s), but test requires ${min_wan} - skipping</arg>
<doc>Skips the rest of the current test.</doc>
<status status="NOT RUN" start="2026-02-21T13:37:07.200468" elapsed="0.000018"/>
</kw>
<status status="NOT RUN" start="2026-02-21T13:37:07.200312" elapsed="0.000203"/>
</branch>
<status status="PASS" start="2026-02-21T13:37:07.200299" elapsed="0.000236"/>
</if>
<kw name="Log" owner="BuiltIn">
<msg time="2026-02-21T13:37:07.200923" level="INFO">Voice test preconditions met: 3 phones (1 LAN, 2 WAN), SIPServer available</msg>
<arg>Voice test preconditions met: ${PHONE_COUNT} phones (${lan_count} LAN, ${wan_count} WAN), SIPServer available</arg>
<doc>Logs the given message with the given level.</doc>
<status status="PASS" start="2026-02-21T13:37:07.200634" elapsed="0.000330"/>
</kw>
<arg>min_phones=2</arg>
<arg>min_lan=1</arg>
<arg>min_wan=1</arg>
<doc>Check if the testbed meets voice test requirements.</doc>
<status status="PASS" start="2026-02-21T13:37:07.197707" elapsed="0.003308"/>
</kw>
<kw name="Setup Phones For Scenario" owner="voice">
<kw name="Assign phones for scenario" owner="voice_keywords">
<msg time="2026-02-21T13:37:07.201783" level="INFO">${caller} = &lt;boardfarm3.devices.pjsip_phone.PJSIPPhone object at 0x772c47d6a930&gt;</msg>
<msg time="2026-02-21T13:37:07.201823" level="INFO">${callee} = &lt;boardfarm3.devices.pjsip_phone.PJSIPPhone object at 0x772c4897e480&gt;</msg>
<var>${caller}</var>
<var>${callee}</var>
<arg>${caller_location}</arg>
<arg>${callee_location}</arg>
<arg>${LAN_PHONES}</arg>
<arg>${WAN_PHONES}</arg>
<doc>Assign caller and callee from location-based phone lists.</doc>
<status status="PASS" start="2026-02-21T13:37:07.201513" elapsed="0.000331"/>
</kw>
<kw name="Set Test Variable" owner="BuiltIn">
<msg time="2026-02-21T13:37:07.203695" level="INFO">${CALLER} = &lt;boardfarm3.devices.pjsip_phone.PJSIPPhone object at 0x772c47d6a930&gt;</msg>
<arg>${CALLER}</arg>
<arg>${caller}</arg>
<doc>Makes a variable available everywhere within the scope of the current test.</doc>
<status status="PASS" start="2026-02-21T13:37:07.202050" elapsed="0.001706"/>
</kw>
<kw name="Set Test Variable" owner="BuiltIn">
<msg time="2026-02-21T13:37:07.204113" level="INFO">${CALLEE} = &lt;boardfarm3.devices.pjsip_phone.PJSIPPhone object at 0x772c4897e480&gt;</msg>
<arg>${CALLEE}</arg>
<arg>${callee}</arg>
<doc>Makes a variable available everywhere within the scope of the current test.</doc>
<status status="PASS" start="2026-02-21T13:37:07.203865" elapsed="0.000297"/>
</kw>
<kw name="Assign caller and callee roles" owner="voice_keywords">
<msg time="2026-02-21T13:37:07.204442" level="INFO">✓ Assigned roles: caller=wan_phone, callee=lan_phone</msg>
<arg>${caller}</arg>
<arg>${callee}</arg>
<doc>Assign caller and callee roles to phones.</doc>
<status status="PASS" start="2026-02-21T13:37:07.204271" elapsed="0.000209"/>
</kw>
<if>
<branch type="IF" condition="'${caller_location}' == 'LAN'">
<kw name="Register Phone On LAN Side" owner="voice">
<arg>${caller}</arg>
<doc>Register a SIP phone on the LAN side of the CPE.
Phone number is extracted from the device object's 'number' property.</doc>
<status status="NOT RUN" start="2026-02-21T13:37:07.204768" elapsed="0.000022"/>
</kw>
<status status="NOT RUN" start="2026-02-21T13:37:07.204542" elapsed="0.000278"/>
</branch>
<branch type="ELSE">
<kw name="Register Phone On WAN Side" owner="voice">
<kw name="Get Device Property" owner="boardfarm_keywords">
<msg time="2026-02-21T13:37:07.205341" level="INFO">${phone_number} = 2000</msg>
<var>${phone_number}</var>
<arg>${phone}</arg>
<arg>number</arg>
<doc>Get a property value from a device object.</doc>
<status status="PASS" start="2026-02-21T13:37:07.205179" elapsed="0.000185"/>
</kw>
<kw name="Register phone with SIP server" owner="voice_keywords">
<msg time="2026-02-21T13:37:09.634505" level="INFO">✓ Phone wan_phone (number 2000) is registered</msg>
<arg>${phone}</arg>
<arg>${SIPCENTER}</arg>
<doc>Register a phone with the SIP server.</doc>
<status status="PASS" start="2026-02-21T13:37:07.205600" elapsed="2.429355"/>
</kw>
<kw name="Log" owner="BuiltIn">
<msg time="2026-02-21T13:37:09.636913" level="INFO">Phone 2000 registered on WAN side</msg>
<arg>Phone ${phone_number} registered on WAN side</arg>
<doc>Logs the given message with the given level.</doc>
<status status="PASS" start="2026-02-21T13:37:09.635607" elapsed="0.001497"/>
</kw>
<arg>${caller}</arg>
<doc>Register a SIP phone on the WAN side of the CPE.
Phone number is extracted from the device object's 'number' property.</doc>
<status status="PASS" start="2026-02-21T13:37:07.204944" elapsed="2.432428"/>
</kw>
<status status="PASS" start="2026-02-21T13:37:07.204841" elapsed="2.432656"/>
</branch>
<status status="PASS" start="2026-02-21T13:37:07.204525" elapsed="2.433057"/>
</if>
<if>
<branch type="IF" condition="'${callee_location}' == 'LAN'">
<kw name="Register Phone On LAN Side" owner="voice">
<kw name="Get Device Property" owner="boardfarm_keywords">
<msg time="2026-02-21T13:37:09.638960" level="INFO">${phone_number} = 1000</msg>
<var>${phone_number}</var>
<arg>${phone}</arg>
<arg>number</arg>
<doc>Get a property value from a device object.</doc>
<status status="PASS" start="2026-02-21T13:37:09.638767" elapsed="0.000221"/>
</kw>
<kw name="Register phone with SIP server" owner="voice_keywords">
<msg time="2026-02-21T13:37:12.085033" level="INFO">✓ Phone lan_phone (number 1000) is registered</msg>
<arg>${phone}</arg>
<arg>${SIPCENTER}</arg>
<arg>name=lan_phone</arg>
<doc>Register a phone with the SIP server.</doc>
<status status="PASS" start="2026-02-21T13:37:09.639119" elapsed="2.446024"/>
</kw>
<kw name="Log" owner="BuiltIn">
<msg time="2026-02-21T13:37:12.085921" level="INFO">Phone 1000 registered on LAN side</msg>
<arg>Phone ${phone_number} registered on LAN side</arg>
<doc>Logs the given message with the given level.</doc>
<status status="PASS" start="2026-02-21T13:37:12.085404" elapsed="0.000611"/>
</kw>
<arg>${callee}</arg>
<doc>Register a SIP phone on the LAN side of the CPE.
Phone number is extracted from the device object's 'number' property.</doc>
<status status="PASS" start="2026-02-21T13:37:09.638414" elapsed="2.447727"/>
</kw>
<status status="PASS" start="2026-02-21T13:37:09.637831" elapsed="2.448368"/>
</branch>
<branch type="ELSE">
<kw name="Register Phone On WAN Side" owner="voice">
<arg>${callee}</arg>
<doc>Register a SIP phone on the WAN side of the CPE.
Phone number is extracted from the device object's 'number' property.</doc>
<status status="NOT RUN" start="2026-02-21T13:37:12.086474" elapsed="0.000034"/>
</kw>
<status status="NOT RUN" start="2026-02-21T13:37:12.086235" elapsed="0.000313"/>
</branch>
<status status="PASS" start="2026-02-21T13:37:09.637774" elapsed="2.448803"/>
</if>
<arg>caller_location=WAN</arg>
<arg>callee_location=LAN</arg>
<doc>Assign caller and callee by network location, register them, and set roles.</doc>
<status status="PASS" start="2026-02-21T13:37:07.201264" elapsed="4.885464"/>
</kw>
<kw name="Caller calls callee" owner="voice_keywords">
<msg time="2026-02-21T13:37:12.323742" level="INFO">Phone wan_phone dialing 1000...
✓ Phone wan_phone dialed 1000</msg>
<doc>Caller dials the callee's number.</doc>
<status status="PASS" start="2026-02-21T13:37:12.087049" elapsed="0.236800"/>
</kw>
<kw name="The callee phone should start ringing" owner="voice_keywords">
<msg time="2026-02-21T13:37:12.386250" level="INFO">✓ Phone lan_phone reached ringing state</msg>
<doc>Alias for Verify phone is ringing.</doc>
<status status="PASS" start="2026-02-21T13:37:12.324086" elapsed="0.062301"/>
</kw>
<kw name="Callee answers call" owner="voice_keywords">
<msg time="2026-02-21T13:37:12.720497" level="INFO">Phone lan_phone answering call...
✓ Phone lan_phone answered call</msg>
<doc>Callee answers incoming call.</doc>
<status status="PASS" start="2026-02-21T13:37:12.386599" elapsed="0.334030"/>
</kw>
<kw name="Both phones should be connected" owner="voice_keywords">
<msg time="2026-02-21T13:37:12.842418" level="INFO">✓ Phone wan_phone reached connected state
✓ Phone lan_phone reached connected state</msg>
<doc>Verify both phones are in connected state.</doc>
<status status="PASS" start="2026-02-21T13:37:12.720910" elapsed="0.121603"/>
</kw>
<kw name="A bidirectional RTP media session should be established" owner="voice_keywords">
<msg time="2026-02-21T13:37:12.947336" level="INFO">✓ Bidirectional RTP media session established</msg>
<doc>Verify RTP media session is established.</doc>
<status status="PASS" start="2026-02-21T13:37:12.842924" elapsed="0.104509"/>
</kw>
<kw name="Log" owner="BuiltIn">
<msg time="2026-02-21T13:37:12.948059" level="INFO">Voice communication established through CPE NAT</msg>
<arg>Voice communication established through CPE NAT</arg>
<doc>Logs the given message with the given level.</doc>
<status status="PASS" start="2026-02-21T13:37:12.947688" elapsed="0.000443"/>
</kw>
<kw name="Caller hangs up" owner="voice_keywords">
<msg time="2026-02-21T13:37:13.120932" level="INFO">Phone wan_phone hanging up...
✓ Phone wan_phone hung up</msg>
<doc>Caller hangs up the call.</doc>
<status status="PASS" start="2026-02-21T13:37:12.948398" elapsed="0.172633"/>
</kw>
<kw name="Verify SIP call terminated" owner="voice_keywords">
<msg time="2026-02-21T13:37:13.209154" level="INFO">✓ SIP server terminated call (0 active calls)</msg>
<doc>Verify SIP server terminated the call.</doc>
<status status="PASS" start="2026-02-21T13:37:13.121272" elapsed="0.088022"/>
</kw>
<kw name="Both phones should return to idle state" owner="voice_keywords">
<msg time="2026-02-21T13:37:13.328188" level="INFO">✓ Phone wan_phone reached idle state
✓ Phone lan_phone reached idle state</msg>
<doc>Verify both phones returned to idle state.</doc>
<status status="PASS" start="2026-02-21T13:37:13.209614" elapsed="0.118784"/>
</kw>
<kw name="Cleanup Voice Test" type="TEARDOWN">
<kw name="Run Keyword And Ignore Error" owner="BuiltIn">
<kw name="Cleanup Single SIP Phone" owner="cleanup">
<if>
<branch type="IF" condition="$phone is None">
<kw name="Log" owner="BuiltIn">
<arg>Phone is None - nothing to clean up</arg>
<doc>Logs the given message with the given level.</doc>
<status status="NOT RUN" start="2026-02-21T13:37:13.330890" elapsed="0.000055"/>
</kw>
<return>
<status status="NOT RUN" start="2026-02-21T13:37:13.331057" elapsed="0.000049"/>
</return>
<status status="NOT RUN" start="2026-02-21T13:37:13.330537" elapsed="0.000639"/>
</branch>
<status status="PASS" start="2026-02-21T13:37:13.330513" elapsed="0.000718"/>
</if>
<kw name="Run Keyword And Ignore Error" owner="BuiltIn">
<kw name="Phone hangs up" owner="voice_keywords">
<msg time="2026-02-21T13:37:13.604744" level="INFO">Phone wan_phone hanging up...
✓ Phone wan_phone hung up</msg>
<arg>${phone}</arg>
<doc>Hang up active call.</doc>
<status status="PASS" start="2026-02-21T13:37:13.446304" elapsed="0.158567"/>
</kw>
<arg>Phone Hangs Up</arg>
<arg>${phone}</arg>
<doc>Runs the given keyword with the given arguments and ignores possible error.</doc>
<status status="PASS" start="2026-02-21T13:37:13.331486" elapsed="0.273499"/>
</kw>
<kw name="Log" owner="BuiltIn">
<msg time="2026-02-21T13:37:13.605675" level="INFO">Cleaned up phone</msg>
<arg>Cleaned up phone</arg>
<doc>Logs the given message with the given level.</doc>
<status status="PASS" start="2026-02-21T13:37:13.605236" elapsed="0.000527"/>
</kw>
<arg>${CALLER}</arg>
<doc>Clean up a single SIP phone - hang up any active call.</doc>
<status status="PASS" start="2026-02-21T13:37:13.330110" elapsed="0.275769"/>
</kw>
<arg>Cleanup Single SIP Phone</arg>
<arg>${CALLER}</arg>
<doc>Runs the given keyword with the given arguments and ignores possible error.</doc>
<status status="PASS" start="2026-02-21T13:37:13.329427" elapsed="0.276535"/>
</kw>
<kw name="Run Keyword And Ignore Error" owner="BuiltIn">
<kw name="Cleanup Single SIP Phone" owner="cleanup">
<if>
<branch type="IF" condition="$phone is None">
<kw name="Log" owner="BuiltIn">
<arg>Phone is None - nothing to clean up</arg>
<doc>Logs the given message with the given level.</doc>
<status status="NOT RUN" start="2026-02-21T13:37:13.607704" elapsed="0.000040"/>
</kw>
<return>
<status status="NOT RUN" start="2026-02-21T13:37:13.607818" elapsed="0.000034"/>
</return>
<status status="NOT RUN" start="2026-02-21T13:37:13.607332" elapsed="0.000565"/>
</branch>
<status status="PASS" start="2026-02-21T13:37:13.607291" elapsed="0.000648"/>
</if>
<kw name="Run Keyword And Ignore Error" owner="BuiltIn">
<kw name="Phone hangs up" owner="voice_keywords">
<msg time="2026-02-21T13:37:13.766363" level="INFO">Phone lan_phone hanging up...
✓ Phone lan_phone hung up</msg>
<arg>${phone}</arg>
<doc>Hang up active call.</doc>
<status status="PASS" start="2026-02-21T13:37:13.608688" elapsed="0.157908"/>
</kw>
<arg>Phone Hangs Up</arg>
<arg>${phone}</arg>
<doc>Runs the given keyword with the given arguments and ignores possible error.</doc>
<status status="PASS" start="2026-02-21T13:37:13.608173" elapsed="0.158622"/>
</kw>
<kw name="Log" owner="BuiltIn">
<msg time="2026-02-21T13:37:13.767789" level="INFO">Cleaned up phone</msg>
<arg>Cleaned up phone</arg>
<doc>Logs the given message with the given level.</doc>
<status status="PASS" start="2026-02-21T13:37:13.767185" elapsed="0.000694"/>
</kw>
<arg>${CALLEE}</arg>
<doc>Clean up a single SIP phone - hang up any active call.</doc>
<status status="PASS" start="2026-02-21T13:37:13.606828" elapsed="0.161171"/>
</kw>
<arg>Cleanup Single SIP Phone</arg>
<arg>${CALLEE}</arg>
<doc>Runs the given keyword with the given arguments and ignores possible error.</doc>
<status status="PASS" start="2026-02-21T13:37:13.606177" elapsed="0.161900"/>
</kw>
<doc>Clean up phones after each test.
Uses Run Keyword And Ignore Error because variables may not be set
if test was skipped or failed early.</doc>
<status status="PASS" start="2026-02-21T13:37:13.328901" elapsed="0.439249"/>
</kw>
<doc>WAN phone calls LAN phone - tests NAT inbound traversal
Requires: 1 LAN + 1 WAN phone, SIPServer</doc>
<tag>boardfarm-bdd</tag>
<tag>call</tag>
<tag>main-scenario</tag>
<tag>nat-inbound</tag>
<tag>UC-12348</tag>
<tag>voice</tag>
<status status="PASS" start="2026-02-21T13:37:07.196802" elapsed="6.571505"/>
</test>
<test id="s1-s1-t4" name="UC-12348-Main-V4: WAN Phone Calls WAN Phone 2 (Direct WAN)" line="109">
<kw name="Check Voice Test Preconditions" owner="voice">
<if>
<branch type="IF" condition="${require_sipcenter} and $SIPCENTER is None">
<kw name="Skip" owner="BuiltIn">
<arg>No SIPServer available in testbed - skipping voice test</arg>
<doc>Skips the rest of the current test.</doc>
<status status="NOT RUN" start="2026-02-21T13:37:13.771530" elapsed="0.000053"/>
</kw>
<status status="NOT RUN" start="2026-02-21T13:37:13.771028" elapsed="0.000675"/>
</branch>
<status status="PASS" start="2026-02-21T13:37:13.770957" elapsed="0.000840"/>
</if>
<if>
<branch type="IF" condition="${PHONE_COUNT} &lt; ${min_phones}">
<kw name="Skip" owner="BuiltIn">
<arg>Testbed has ${PHONE_COUNT} SIP phone(s), but test requires ${min_phones} - skipping</arg>
<doc>Skips the rest of the current test.</doc>
<status status="NOT RUN" start="2026-02-21T13:37:13.772290" elapsed="0.000027"/>
</kw>
<status status="NOT RUN" start="2026-02-21T13:37:13.771974" elapsed="0.000379"/>
</branch>
<status status="PASS" start="2026-02-21T13:37:13.771930" elapsed="0.000451"/>
</if>
<kw name="Get Length" owner="BuiltIn">
<msg time="2026-02-21T13:37:13.772863" level="INFO">Length is 1.</msg>
<msg time="2026-02-21T13:37:13.772953" level="INFO">${lan_count} = 1</msg>
<var>${lan_count}</var>
<arg>${LAN_PHONES}</arg>
<doc>Returns and logs the length of the given item as an integer.</doc>
<status status="PASS" start="2026-02-21T13:37:13.772516" elapsed="0.000461"/>
</kw>
<kw name="Get Length" owner="BuiltIn">
<msg time="2026-02-21T13:37:13.773462" level="INFO">Length is 2.</msg>
<msg time="2026-02-21T13:37:13.773597" level="INFO">${wan_count} = 2</msg>
<var>${wan_count}</var>
<arg>${WAN_PHONES}</arg>
<doc>Returns and logs the length of the given item as an integer.</doc>
<status status="PASS" start="2026-02-21T13:37:13.773097" elapsed="0.000528"/>
</kw>
<if>
<branch type="IF" condition="${lan_count} &lt; ${min_lan}">
<kw name="Skip" owner="BuiltIn">
<arg>Testbed has ${lan_count} LAN phone(s), but test requires ${min_lan} - skipping</arg>
<doc>Skips the rest of the current test.</doc>
<status status="NOT RUN" start="2026-02-21T13:37:13.774050" elapsed="0.000032"/>
</kw>
<status status="NOT RUN" start="2026-02-21T13:37:13.773745" elapsed="0.000390"/>
</branch>
<status status="PASS" start="2026-02-21T13:37:13.773724" elapsed="0.000456"/>
</if>
<if>
<branch type="IF" condition="${wan_count} &lt; ${min_wan}">
<kw name="Skip" owner="BuiltIn">
<arg>Testbed has ${wan_count} WAN phone(s), but test requires ${min_wan} - skipping</arg>
<doc>Skips the rest of the current test.</doc>
<status status="NOT RUN" start="2026-02-21T13:37:13.774594" elapsed="0.000032"/>
</kw>
<status status="NOT RUN" start="2026-02-21T13:37:13.774273" elapsed="0.000417"/>
</branch>
<status status="PASS" start="2026-02-21T13:37:13.774245" elapsed="0.000532"/>
</if>
<kw name="Log" owner="BuiltIn">
<msg time="2026-02-21T13:37:13.776034" level="INFO">Voice test preconditions met: 3 phones (1 LAN, 2 WAN), SIPServer available</msg>
<arg>Voice test preconditions met: ${PHONE_COUNT} phones (${lan_count} LAN, ${wan_count} WAN), SIPServer available</arg>
<doc>Logs the given message with the given level.</doc>
<status status="PASS" start="2026-02-21T13:37:13.775107" elapsed="0.001071"/>
</kw>
<arg>min_phones=2</arg>
<arg>min_wan=2</arg>
<doc>Check if the testbed meets voice test requirements.</doc>
<status status="PASS" start="2026-02-21T13:37:13.770194" elapsed="0.006172"/>
</kw>
<kw name="Setup Phones For Scenario" owner="voice">
<kw name="Assign phones for scenario" owner="voice_keywords">
<msg time="2026-02-21T13:37:13.778954" level="INFO">${caller} = &lt;boardfarm3.devices.pjsip_phone.PJSIPPhone object at 0x772c47d6a930&gt;</msg>
<msg time="2026-02-21T13:37:13.779084" level="INFO">${callee} = &lt;boardfarm3.devices.pjsip_phone.PJSIPPhone object at 0x772c48d04590&gt;</msg>
<var>${caller}</var>
<var>${callee}</var>
<arg>${caller_location}</arg>
<arg>${callee_location}</arg>
<arg>${LAN_PHONES}</arg>
<arg>${WAN_PHONES}</arg>
<doc>Assign caller and callee from location-based phone lists.</doc>
<status status="PASS" start="2026-02-21T13:37:13.778224" elapsed="0.000927"/>
</kw>
<kw name="Set Test Variable" owner="BuiltIn">
<msg time="2026-02-21T13:37:13.780314" level="INFO">${CALLER} = &lt;boardfarm3.devices.pjsip_phone.PJSIPPhone object at 0x772c47d6a930&gt;</msg>
<arg>${CALLER}</arg>
<arg>${caller}</arg>
<doc>Makes a variable available everywhere within the scope of the current test.</doc>
<status status="PASS" start="2026-02-21T13:37:13.779495" elapsed="0.000945"/>
</kw>
<kw name="Set Test Variable" owner="BuiltIn">
<msg time="2026-02-21T13:37:13.781495" level="INFO">${CALLEE} = &lt;boardfarm3.devices.pjsip_phone.PJSIPPhone object at 0x772c48d04590&gt;</msg>
<arg>${CALLEE}</arg>
<arg>${callee}</arg>
<doc>Makes a variable available everywhere within the scope of the current test.</doc>
<status status="PASS" start="2026-02-21T13:37:13.780792" elapsed="0.000820"/>
</kw>
<kw name="Assign caller and callee roles" owner="voice_keywords">
<msg time="2026-02-21T13:37:13.782393" level="INFO">✓ Assigned roles: caller=wan_phone, callee=wan_phone2</msg>
<arg>${caller}</arg>
<arg>${callee}</arg>
<doc>Assign caller and callee roles to phones.</doc>
<status status="PASS" start="2026-02-21T13:37:13.781920" elapsed="0.000604"/>
</kw>
<if>
<branch type="IF" condition="'${caller_location}' == 'LAN'">
<kw name="Register Phone On LAN Side" owner="voice">
<arg>${caller}</arg>
<doc>Register a SIP phone on the LAN side of the CPE.
Phone number is extracted from the device object's 'number' property.</doc>
<status status="NOT RUN" start="2026-02-21T13:37:13.783280" elapsed="0.000065"/>
</kw>
<status status="NOT RUN" start="2026-02-21T13:37:13.782743" elapsed="0.000688"/>
</branch>
<branch type="ELSE">
<kw name="Register Phone On WAN Side" owner="voice">
<kw name="Get Device Property" owner="boardfarm_keywords">
<msg time="2026-02-21T13:37:13.784865" level="INFO">${phone_number} = 2000</msg>
<var>${phone_number}</var>
<arg>${phone}</arg>
<arg>number</arg>
<doc>Get a property value from a device object.</doc>
<status status="PASS" start="2026-02-21T13:37:13.784466" elapsed="0.000461"/>
</kw>
<kw name="Register phone with SIP server" owner="voice_keywords">
<msg time="2026-02-21T13:37:16.227255" level="INFO">✓ Phone wan_phone (number 2000) is registered</msg>
<arg>${phone}</arg>
<arg>${SIPCENTER}</arg>
<doc>Register a phone with the SIP server.</doc>
<status status="PASS" start="2026-02-21T13:37:13.785184" elapsed="2.442366"/>
</kw>
<kw name="Log" owner="BuiltIn">
<msg time="2026-02-21T13:37:16.229557" level="INFO">Phone 2000 registered on WAN side</msg>
<arg>Phone ${phone_number} registered on WAN side</arg>
<doc>Logs the given message with the given level.</doc>
<status status="PASS" start="2026-02-21T13:37:16.228208" elapsed="0.002558"/>
</kw>
<arg>${caller}</arg>
<doc>Register a SIP phone on the WAN side of the CPE.
Phone number is extracted from the device object's 'number' property.</doc>
<status status="PASS" start="2026-02-21T13:37:13.783835" elapsed="2.447080"/>
</kw>
<status status="PASS" start="2026-02-21T13:37:13.783499" elapsed="2.447457"/>
</branch>
<status status="PASS" start="2026-02-21T13:37:13.782690" elapsed="2.448301"/>
</if>
<if>
<branch type="IF" condition="'${callee_location}' == 'LAN'">
<kw name="Register Phone On LAN Side" owner="voice">
<arg>${callee}</arg>
<doc>Register a SIP phone on the LAN side of the CPE.
Phone number is extracted from the device object's 'number' property.</doc>
<status status="NOT RUN" start="2026-02-21T13:37:16.231481" elapsed="0.000047"/>
</kw>
<status status="NOT RUN" start="2026-02-21T13:37:16.231083" elapsed="0.000500"/>
</branch>
<branch type="ELSE">
<kw name="Register Phone On WAN Side" owner="voice">
<kw name="Get Device Property" owner="boardfarm_keywords">
<msg time="2026-02-21T13:37:16.232574" level="INFO">${phone_number} = 3000</msg>
<var>${phone_number}</var>
<arg>${phone}</arg>
<arg>number</arg>
<doc>Get a property value from a device object.</doc>
<status status="PASS" start="2026-02-21T13:37:16.232355" elapsed="0.000247"/>
</kw>
<kw name="Register phone with SIP server" owner="voice_keywords">
<msg time="2026-02-21T13:37:18.668138" level="INFO">✓ Phone wan_phone2 (number 3000) is registered</msg>
<arg>${phone}</arg>
<arg>${SIPCENTER}</arg>
<doc>Register a phone with the SIP server.</doc>
<status status="PASS" start="2026-02-21T13:37:16.232752" elapsed="2.435634"/>
</kw>
<kw name="Log" owner="BuiltIn">
<msg time="2026-02-21T13:37:18.670251" level="INFO">Phone 3000 registered on WAN side</msg>
<arg>Phone ${phone_number} registered on WAN side</arg>
<doc>Logs the given message with the given level.</doc>
<status status="PASS" start="2026-02-21T13:37:18.669027" elapsed="0.001434"/>
</kw>
<arg>${callee}</arg>
<doc>Register a SIP phone on the WAN side of the CPE.
Phone number is extracted from the device object's 'number' property.</doc>
<status status="PASS" start="2026-02-21T13:37:16.231891" elapsed="2.438948"/>
</kw>
<status status="PASS" start="2026-02-21T13:37:16.231631" elapsed="2.439390"/>
</branch>
<status status="PASS" start="2026-02-21T13:37:16.231057" elapsed="2.440073"/>
</if>
<arg>caller_location=WAN</arg>
<arg>callee_location=WAN2</arg>
<doc>Assign caller and callee by network location, register them, and set roles.</doc>
<status status="PASS" start="2026-02-21T13:37:13.777204" elapsed="4.894325"/>
</kw>
<kw name="Caller calls callee" owner="voice_keywords">
<msg time="2026-02-21T13:37:18.905215" level="INFO">Phone wan_phone dialing 3000...
✓ Phone wan_phone dialed 3000</msg>
<doc>Caller dials the callee's number.</doc>
<status status="PASS" start="2026-02-21T13:37:18.672049" elapsed="0.233271"/>
</kw>
<kw name="The callee phone should start ringing" owner="voice_keywords">
<msg time="2026-02-21T13:37:18.972637" level="INFO">✓ Phone wan_phone2 reached ringing state</msg>
<doc>Alias for Verify phone is ringing.</doc>
<status status="PASS" start="2026-02-21T13:37:18.905562" elapsed="0.067171"/>
</kw>
<kw name="Callee answers call" owner="voice_keywords">
<msg time="2026-02-21T13:37:19.325898" level="INFO">Phone wan_phone2 answering call...
✓ Phone wan_phone2 answered call</msg>
<doc>Callee answers incoming call.</doc>
<status status="PASS" start="2026-02-21T13:37:18.972953" elapsed="0.353038"/>
</kw>
<kw name="Both phones should be connected" owner="voice_keywords">
<msg time="2026-02-21T13:37:19.446190" level="INFO">✓ Phone wan_phone reached connected state
✓ Phone wan_phone2 reached connected state</msg>
<doc>Verify both phones are in connected state.</doc>
<status status="PASS" start="2026-02-21T13:37:19.326254" elapsed="0.120060"/>
</kw>
<kw name="A bidirectional RTP media session should be established" owner="voice_keywords">
<msg time="2026-02-21T13:37:19.557730" level="INFO">✓ Bidirectional RTP media session established</msg>
<doc>Verify RTP media session is established.</doc>
<status status="PASS" start="2026-02-21T13:37:19.446569" elapsed="0.111265"/>
</kw>
<kw name="Log" owner="BuiltIn">
<msg time="2026-02-21T13:37:19.558506" level="INFO">Voice communication established without NAT traversal</msg>
<arg>Voice communication established without NAT traversal</arg>
<doc>Logs the given message with the given level.</doc>
<status status="PASS" start="2026-02-21T13:37:19.558129" elapsed="0.000438"/>
</kw>
<kw name="Caller hangs up" owner="voice_keywords">
<msg time="2026-02-21T13:37:19.735290" level="INFO">Phone wan_phone hanging up...
✓ Phone wan_phone hung up</msg>
<doc>Caller hangs up the call.</doc>
<status status="PASS" start="2026-02-21T13:37:19.558848" elapsed="0.176539"/>
</kw>
<kw name="Verify SIP call terminated" owner="voice_keywords">
<msg time="2026-02-21T13:37:19.828320" level="INFO">✓ SIP server terminated call (0 active calls)</msg>
<doc>Verify SIP server terminated the call.</doc>
<status status="PASS" start="2026-02-21T13:37:19.735739" elapsed="0.092716"/>
</kw>
<kw name="Both phones should return to idle state" owner="voice_keywords">
<msg time="2026-02-21T13:37:19.955654" level="INFO">✓ Phone wan_phone reached idle state
✓ Phone wan_phone2 reached idle state</msg>
<doc>Verify both phones returned to idle state.</doc>
<status status="PASS" start="2026-02-21T13:37:19.828795" elapsed="0.126956"/>
</kw>
<kw name="Cleanup Voice Test" type="TEARDOWN">
<kw name="Run Keyword And Ignore Error" owner="BuiltIn">
<kw name="Cleanup Single SIP Phone" owner="cleanup">
<if>
<branch type="IF" condition="$phone is None">
<kw name="Log" owner="BuiltIn">
<arg>Phone is None - nothing to clean up</arg>
<doc>Logs the given message with the given level.</doc>
<status status="NOT RUN" start="2026-02-21T13:37:19.957288" elapsed="0.000024"/>
</kw>
<return>
<status status="NOT RUN" start="2026-02-21T13:37:19.957359" elapsed="0.000018"/>
</return>
<status status="NOT RUN" start="2026-02-21T13:37:19.957063" elapsed="0.000341"/>
</branch>
<status status="PASS" start="2026-02-21T13:37:19.957040" elapsed="0.000387"/>
</if>
<kw name="Run Keyword And Ignore Error" owner="BuiltIn">
<kw name="Phone hangs up" owner="voice_keywords">
<msg time="2026-02-21T13:37:20.125760" level="INFO">Phone wan_phone hanging up...
✓ Phone wan_phone hung up</msg>
<arg>${phone}</arg>
<doc>Hang up active call.</doc>
<status status="PASS" start="2026-02-21T13:37:19.958097" elapsed="0.167784"/>
</kw>
<arg>Phone Hangs Up</arg>
<arg>${phone}</arg>
<doc>Runs the given keyword with the given arguments and ignores possible error.</doc>
<status status="PASS" start="2026-02-21T13:37:19.957604" elapsed="0.168362"/>
</kw>
<kw name="Log" owner="BuiltIn">
<msg time="2026-02-21T13:37:20.126486" level="INFO">Cleaned up phone</msg>
<arg>Cleaned up phone</arg>
<doc>Logs the given message with the given level.</doc>
<status status="PASS" start="2026-02-21T13:37:20.126159" elapsed="0.000387"/>
</kw>
<arg>${CALLER}</arg>
<doc>Clean up a single SIP phone - hang up any active call.</doc>
<status status="PASS" start="2026-02-21T13:37:19.956801" elapsed="0.169818"/>
</kw>
<arg>Cleanup Single SIP Phone</arg>
<arg>${CALLER}</arg>
<doc>Runs the given keyword with the given arguments and ignores possible error.</doc>
<status status="PASS" start="2026-02-21T13:37:19.956357" elapsed="0.170333"/>
</kw>
<kw name="Run Keyword And Ignore Error" owner="BuiltIn">
<kw name="Cleanup Single SIP Phone" owner="cleanup">
<if>
<branch type="IF" condition="$phone is None">
<kw name="Log" owner="BuiltIn">
<arg>Phone is None - nothing to clean up</arg>
<doc>Logs the given message with the given level.</doc>
<status status="NOT RUN" start="2026-02-21T13:37:20.127951" elapsed="0.000028"/>
</kw>
<return>
<status status="NOT RUN" start="2026-02-21T13:37:20.128032" elapsed="0.000022"/>
</return>
<status status="NOT RUN" start="2026-02-21T13:37:20.127684" elapsed="0.000401"/>
</branch>
<status status="PASS" start="2026-02-21T13:37:20.127639" elapsed="0.000472"/>
</if>
<kw name="Run Keyword And Ignore Error" owner="BuiltIn">
<kw name="Phone hangs up" owner="voice_keywords">
<msg time="2026-02-21T13:37:20.286808" level="INFO">Phone wan_phone2 hanging up...
✓ Phone wan_phone2 hung up</msg>
<arg>${phone}</arg>
<doc>Hang up active call.</doc>
<status status="PASS" start="2026-02-21T13:37:20.128561" elapsed="0.158722"/>
</kw>
<arg>Phone Hangs Up</arg>
<arg>${phone}</arg>
<doc>Runs the given keyword with the given arguments and ignores possible error.</doc>
<status status="PASS" start="2026-02-21T13:37:20.128233" elapsed="0.159538"/>
</kw>
<kw name="Log" owner="BuiltIn">
<msg time="2026-02-21T13:37:20.289976" level="INFO">Cleaned up phone</msg>
<arg>Cleaned up phone</arg>
<doc>Logs the given message with the given level.</doc>
<status status="PASS" start="2026-02-21T13:37:20.288785" elapsed="0.001275"/>
</kw>
<arg>${CALLEE}</arg>
<doc>Clean up a single SIP phone - hang up any active call.</doc>
<status status="PASS" start="2026-02-21T13:37:20.127318" elapsed="0.162838"/>
</kw>
<arg>Cleanup Single SIP Phone</arg>
<arg>${CALLEE}</arg>
<doc>Runs the given keyword with the given arguments and ignores possible error.</doc>
<status status="PASS" start="2026-02-21T13:37:20.126855" elapsed="0.163385"/>
</kw>
<doc>Clean up phones after each test.
Uses Run Keyword And Ignore Error because variables may not be set
if test was skipped or failed early.</doc>
<status status="PASS" start="2026-02-21T13:37:19.956041" elapsed="0.334273"/>
</kw>
<doc>WAN phone calls another WAN phone - direct WAN communication
Requires: 2 WAN phones, SIPServer</doc>
<tag>boardfarm-bdd</tag>
<tag>call</tag>
<tag>direct-wan</tag>
<tag>main-scenario</tag>
<tag>UC-12348</tag>
<tag>voice</tag>
<status status="PASS" start="2026-02-21T13:37:13.768764" elapsed="6.521667"/>
</test>
<test id="s1-s1-t5" name="UC-12348-Main-V5: WAN Phone 2 Calls LAN Phone (NAT Inbound)" line="134">
<kw name="Check Voice Test Preconditions" owner="voice">
<if>
<branch type="IF" condition="${require_sipcenter} and $SIPCENTER is None">
<kw name="Skip" owner="BuiltIn">
<arg>No SIPServer available in testbed - skipping voice test</arg>
<doc>Skips the rest of the current test.</doc>
<status status="NOT RUN" start="2026-02-21T13:37:20.293184" elapsed="0.000029"/>
</kw>
<status status="NOT RUN" start="2026-02-21T13:37:20.292871" elapsed="0.000403"/>
</branch>
<status status="PASS" start="2026-02-21T13:37:20.292843" elapsed="0.000467"/>
</if>
<if>
<branch type="IF" condition="${PHONE_COUNT} &lt; ${min_phones}">
<kw name="Skip" owner="BuiltIn">
<arg>Testbed has ${PHONE_COUNT} SIP phone(s), but test requires ${min_phones} - skipping</arg>
<doc>Skips the rest of the current test.</doc>
<status status="NOT RUN" start="2026-02-21T13:37:20.293582" elapsed="0.000022"/>
</kw>
<status status="NOT RUN" start="2026-02-21T13:37:20.293380" elapsed="0.000256"/>
</branch>
<status status="PASS" start="2026-02-21T13:37:20.293362" elapsed="0.000318"/>
</if>
<kw name="Get Length" owner="BuiltIn">
<msg time="2026-02-21T13:37:20.294115" level="INFO">Length is 1.</msg>
<msg time="2026-02-21T13:37:20.294190" level="INFO">${lan_count} = 1</msg>
<var>${lan_count}</var>
<arg>${LAN_PHONES}</arg>
<doc>Returns and logs the length of the given item as an integer.</doc>
[...]
<arg>Testbed has ${wan_count} WAN phone(s), but test requires ${min_wan} - skipping</arg>
<doc>Skips the rest of the current test.</doc>
<status status="NOT RUN" start="2026-02-21T13:38:26.881056" elapsed="0.000020"/>
</kw>
<status status="NOT RUN" start="2026-02-21T13:38:26.880861" elapsed="0.000254"/>
</branch>
<status status="PASS" start="2026-02-21T13:38:26.880845" elapsed="0.000292"/>
</if>
<kw name="Log" owner="BuiltIn">
<msg time="2026-02-21T13:38:26.881528" level="INFO">Voice test preconditions met: 3 phones (1 LAN, 2 WAN), SIPServer available</msg>
<arg>Voice test preconditions met: ${PHONE_COUNT} phones (${lan_count} LAN, ${wan_count} WAN), SIPServer available</arg>
<doc>Logs the given message with the given level.</doc>
<status status="PASS" start="2026-02-21T13:38:26.881224" elapsed="0.000367"/>
</kw>
<arg>min_phones=2</arg>
<arg>min_wan=2</arg>
<doc>Check if the testbed meets voice test requirements.</doc>
<status status="PASS" start="2026-02-21T13:38:26.876240" elapsed="0.005493"/>
</kw>
<kw name="Setup Phones For Scenario" owner="voice">
<kw name="Assign phones for scenario" owner="voice_keywords">
<msg time="2026-02-21T13:38:26.888846" level="INFO">${caller} = &lt;boardfarm3.devices.pjsip_phone.PJSIPPhone object at 0x772c47d6a930&gt;</msg>
<msg time="2026-02-21T13:38:26.888991" level="INFO">${callee} = &lt;boardfarm3.devices.pjsip_phone.PJSIPPhone object at 0x772c48d04590&gt;</msg>
<var>${caller}</var>
<var>${callee}</var>
<arg>${caller_location}</arg>
<arg>${callee_location}</arg>
<arg>${LAN_PHONES}</arg>
<arg>${WAN_PHONES}</arg>
<doc>Assign caller and callee from location-based phone lists.</doc>
<status status="PASS" start="2026-02-21T13:38:26.887955" elapsed="0.001139"/>
</kw>
<kw name="Set Test Variable" owner="BuiltIn">
<msg time="2026-02-21T13:38:26.890476" level="INFO">${CALLER} = &lt;boardfarm3.devices.pjsip_phone.PJSIPPhone object at 0x772c47d6a930&gt;</msg>
<arg>${CALLER}</arg>
<arg>${caller}</arg>
<doc>Makes a variable available everywhere within the scope of the current test.</doc>
<status status="PASS" start="2026-02-21T13:38:26.889484" elapsed="0.001139"/>
</kw>
<kw name="Set Test Variable" owner="BuiltIn">
<msg time="2026-02-21T13:38:26.891919" level="INFO">${CALLEE} = &lt;boardfarm3.devices.pjsip_phone.PJSIPPhone object at 0x772c48d04590&gt;</msg>
<arg>${CALLEE}</arg>
<arg>${callee}</arg>
<doc>Makes a variable available everywhere within the scope of the current test.</doc>
<status status="PASS" start="2026-02-21T13:38:26.891009" elapsed="0.001052"/>
</kw>
<kw name="Assign caller and callee roles" owner="voice_keywords">
<msg time="2026-02-21T13:38:26.892790" level="INFO">✓ Assigned roles: caller=wan_phone, callee=wan_phone2</msg>
<arg>${caller}</arg>
<arg>${callee}</arg>
<doc>Assign caller and callee roles to phones.</doc>
<status status="PASS" start="2026-02-21T13:38:26.892501" elapsed="0.000357"/>
</kw>
<if>
<branch type="IF" condition="'${caller_location}' == 'LAN'">
<kw name="Register Phone On LAN Side" owner="voice">
<arg>${caller}</arg>
<doc>Register a SIP phone on the LAN side of the CPE.
Phone number is extracted from the device object's 'number' property.</doc>
<status status="NOT RUN" start="2026-02-21T13:38:26.893806" elapsed="0.000117"/>
</kw>
<status status="NOT RUN" start="2026-02-21T13:38:26.892967" elapsed="0.001108"/>
</branch>
<branch type="ELSE">
<kw name="Register Phone On WAN Side" owner="voice">
<kw name="Get Device Property" owner="boardfarm_keywords">
<msg time="2026-02-21T13:38:26.896059" level="INFO">${phone_number} = 2000</msg>
<var>${phone_number}</var>
<arg>${phone}</arg>
<arg>number</arg>
<doc>Get a property value from a device object.</doc>
<status status="PASS" start="2026-02-21T13:38:26.895541" elapsed="0.000592"/>
</kw>
<kw name="Register phone with SIP server" owner="voice_keywords">
<msg time="2026-02-21T13:38:29.318568" level="INFO">✓ Phone wan_phone (number 2000) is registered</msg>
<arg>${phone}</arg>
<arg>${SIPCENTER}</arg>
<doc>Register a phone with the SIP server.</doc>
<status status="PASS" start="2026-02-21T13:38:26.896473" elapsed="2.422299"/>
</kw>
<kw name="Log" owner="BuiltIn">
<msg time="2026-02-21T13:38:29.319675" level="INFO">Phone 2000 registered on WAN side</msg>
<arg>Phone ${phone_number} registered on WAN side</arg>
<doc>Logs the given message with the given level.</doc>
<status status="PASS" start="2026-02-21T13:38:29.319110" elapsed="0.000643"/>
</kw>
<arg>${caller}</arg>
<doc>Register a SIP phone on the WAN side of the CPE.
Phone number is extracted from the device object's 'number' property.</doc>
<status status="PASS" start="2026-02-21T13:38:26.894744" elapsed="2.425102"/>
</kw>
<status status="PASS" start="2026-02-21T13:38:26.894210" elapsed="2.425672"/>
</branch>
<status status="PASS" start="2026-02-21T13:38:26.892936" elapsed="2.426972"/>
</if>
<if>
<branch type="IF" condition="'${callee_location}' == 'LAN'">
<kw name="Register Phone On LAN Side" owner="voice">
<arg>${callee}</arg>
<doc>Register a SIP phone on the LAN side of the CPE.
Phone number is extracted from the device object's 'number' property.</doc>
<status status="NOT RUN" start="2026-02-21T13:38:29.320367" elapsed="0.000031"/>
</kw>
<status status="NOT RUN" start="2026-02-21T13:38:29.320048" elapsed="0.000383"/>
</branch>
<branch type="ELSE">
<kw name="Register Phone On WAN Side" owner="voice">
<kw name="Get Device Property" owner="boardfarm_keywords">
<msg time="2026-02-21T13:38:29.321162" level="INFO">${phone_number} = 3000</msg>
<var>${phone_number}</var>
<arg>${phone}</arg>
<arg>number</arg>
<doc>Get a property value from a device object.</doc>
<status status="PASS" start="2026-02-21T13:38:29.320983" elapsed="0.000207"/>
</kw>
<kw name="Register phone with SIP server" owner="voice_keywords">
<msg time="2026-02-21T13:38:31.761997" level="INFO">✓ Phone wan_phone2 (number 3000) is registered</msg>
<arg>${phone}</arg>
<arg>${SIPCENTER}</arg>
<doc>Register a phone with the SIP server.</doc>
<status status="PASS" start="2026-02-21T13:38:29.321310" elapsed="2.440782"/>
</kw>
<kw name="Log" owner="BuiltIn">
<msg time="2026-02-21T13:38:31.762714" level="INFO">Phone 3000 registered on WAN side</msg>
<arg>Phone ${phone_number} registered on WAN side</arg>
<doc>Logs the given message with the given level.</doc>
<status status="PASS" start="2026-02-21T13:38:31.762285" elapsed="0.000500"/>
</kw>
<arg>${callee}</arg>
<doc>Register a SIP phone on the WAN side of the CPE.
Phone number is extracted from the device object's 'number' property.</doc>
<status status="PASS" start="2026-02-21T13:38:29.320625" elapsed="2.442237"/>
</kw>
<status status="PASS" start="2026-02-21T13:38:29.320456" elapsed="2.442445"/>
</branch>
<status status="PASS" start="2026-02-21T13:38:29.320023" elapsed="2.442907"/>
</if>
<arg>caller_location=WAN</arg>
<arg>callee_location=WAN2</arg>
<doc>Assign caller and callee by network location, register them, and set roles.</doc>
<status status="PASS" start="2026-02-21T13:38:26.886932" elapsed="4.876070"/>
</kw>
<kw name="Verify phone is idle" owner="voice_keywords">
<msg time="2026-02-21T13:38:31.819331" level="INFO">✓ Phone wan_phone is in idle state</msg>
<arg>${CALLER}</arg>
<doc>Verify phone is in idle state.</doc>
<status status="PASS" start="2026-02-21T13:38:31.763268" elapsed="0.056163"/>
</kw>
<kw name="Verify phone is idle" owner="voice_keywords">
<msg time="2026-02-21T13:38:31.872406" level="INFO">✓ Phone wan_phone2 is in idle state</msg>
<arg>${CALLEE}</arg>
<doc>Verify phone is in idle state.</doc>
<status status="PASS" start="2026-02-21T13:38:31.819652" elapsed="0.052876"/>
</kw>
<kw name="Caller calls callee" owner="voice_keywords">
<msg time="2026-02-21T13:38:32.102643" level="INFO">Phone wan_phone dialing 3000...
✓ Phone wan_phone dialed 3000</msg>
<doc>Caller dials the callee's number.</doc>
<status status="PASS" start="2026-02-21T13:38:31.872878" elapsed="0.229915"/>
</kw>
<kw name="The callee phone should start ringing" owner="voice_keywords">
<msg time="2026-02-21T13:38:32.164755" level="INFO">✓ Phone wan_phone2 reached ringing state</msg>
<doc>Alias for Verify phone is ringing.</doc>
<status status="PASS" start="2026-02-21T13:38:32.103085" elapsed="0.061759"/>
</kw>
<kw name="Callee answers call" owner="voice_keywords">
<msg time="2026-02-21T13:38:32.497769" level="INFO">Phone wan_phone2 answering call...
✓ Phone wan_phone2 answered call</msg>
<doc>Callee answers incoming call.</doc>
<status status="PASS" start="2026-02-21T13:38:32.165052" elapsed="0.332821"/>
</kw>
<kw name="Both phones should be connected" owner="voice_keywords">
<msg time="2026-02-21T13:38:32.631753" level="INFO">✓ Phone wan_phone reached connected state
✓ Phone wan_phone2 reached connected state</msg>
<doc>Verify both phones are in connected state.</doc>
<status status="PASS" start="2026-02-21T13:38:32.498139" elapsed="0.133715"/>
</kw>
<kw name="Caller hangs up" owner="voice_keywords">
<msg time="2026-02-21T13:38:32.793981" level="INFO">Phone wan_phone hanging up...
✓ Phone wan_phone hung up</msg>
<doc>Caller hangs up the call.</doc>
<status status="PASS" start="2026-02-21T13:38:32.632068" elapsed="0.162055"/>
</kw>
<kw name="Verify SIP call terminated" owner="voice_keywords">
<msg time="2026-02-21T13:38:32.866989" level="INFO">✓ SIP server terminated call (0 active calls)</msg>
<doc>Verify SIP server terminated the call.</doc>
<status status="PASS" start="2026-02-21T13:38:32.794540" elapsed="0.072608"/>
</kw>
<kw name="Both phones should return to idle state" owner="voice_keywords">
<msg time="2026-02-21T13:38:32.985335" level="INFO">✓ Phone wan_phone reached idle state
✓ Phone wan_phone2 reached idle state</msg>
<doc>Verify both phones returned to idle state.</doc>
<status status="PASS" start="2026-02-21T13:38:32.867477" elapsed="0.117943"/>
</kw>
<kw name="Cleanup Voice Test" type="TEARDOWN">
<kw name="Run Keyword And Ignore Error" owner="BuiltIn">
<kw name="Cleanup Single SIP Phone" owner="cleanup">
<if>
<branch type="IF" condition="$phone is None">
<kw name="Log" owner="BuiltIn">
<arg>Phone is None - nothing to clean up</arg>
<doc>Logs the given message with the given level.</doc>
<status status="NOT RUN" start="2026-02-21T13:38:32.987233" elapsed="0.000023"/>
</kw>
<return>
<status status="NOT RUN" start="2026-02-21T13:38:32.987301" elapsed="0.000017"/>
</return>
<status status="NOT RUN" start="2026-02-21T13:38:32.986990" elapsed="0.000353"/>
</branch>
<status status="PASS" start="2026-02-21T13:38:32.986967" elapsed="0.000397"/>
</if>
<kw name="Run Keyword And Ignore Error" owner="BuiltIn">
<kw name="Phone hangs up" owner="voice_keywords">
<msg time="2026-02-21T13:38:33.146383" level="INFO">Phone wan_phone hanging up...
✓ Phone wan_phone hung up</msg>
<arg>${phone}</arg>
<doc>Hang up active call.</doc>
<status status="PASS" start="2026-02-21T13:38:32.987728" elapsed="0.158961"/>
</kw>
<arg>Phone Hangs Up</arg>
<arg>${phone}</arg>
<doc>Runs the given keyword with the given arguments and ignores possible error.</doc>
<status status="PASS" start="2026-02-21T13:38:32.987460" elapsed="0.159465"/>
</kw>
<kw name="Log" owner="BuiltIn">
<msg time="2026-02-21T13:38:33.148361" level="INFO">Cleaned up phone</msg>
<arg>Cleaned up phone</arg>
<doc>Logs the given message with the given level.</doc>
<status status="PASS" start="2026-02-21T13:38:33.147387" elapsed="0.001160"/>
</kw>
<arg>${CALLER}</arg>
<doc>Clean up a single SIP phone - hang up any active call.</doc>
<status status="PASS" start="2026-02-21T13:38:32.986726" elapsed="0.162125"/>
</kw>
<arg>Cleanup Single SIP Phone</arg>
<arg>${CALLER}</arg>
<doc>Runs the given keyword with the given arguments and ignores possible error.</doc>
<status status="PASS" start="2026-02-21T13:38:32.986065" elapsed="0.162959"/>
</kw>
<kw name="Run Keyword And Ignore Error" owner="BuiltIn">
<kw name="Cleanup Single SIP Phone" owner="cleanup">
<if>
<branch type="IF" condition="$phone is None">
<kw name="Log" owner="BuiltIn">
<arg>Phone is None - nothing to clean up</arg>
<doc>Logs the given message with the given level.</doc>
<status status="NOT RUN" start="2026-02-21T13:38:33.150363" elapsed="0.000021"/>
</kw>
<return>
<status status="NOT RUN" start="2026-02-21T13:38:33.150427" elapsed="0.000018"/>
</return>
<status status="NOT RUN" start="2026-02-21T13:38:33.150137" elapsed="0.000332"/>
</branch>
<status status="PASS" start="2026-02-21T13:38:33.150111" elapsed="0.000379"/>
</if>
<kw name="Run Keyword And Ignore Error" owner="BuiltIn">
<kw name="Phone hangs up" owner="voice_keywords">
<msg time="2026-02-21T13:38:33.320011" level="INFO">Phone wan_phone2 hanging up...
✓ Phone wan_phone2 hung up</msg>
<arg>${phone}</arg>
<doc>Hang up active call.</doc>
<status status="PASS" start="2026-02-21T13:38:33.150905" elapsed="0.169415"/>
</kw>
<arg>Phone Hangs Up</arg>
<arg>${phone}</arg>
<doc>Runs the given keyword with the given arguments and ignores possible error.</doc>
<status status="PASS" start="2026-02-21T13:38:33.150594" elapsed="0.169979"/>
</kw>
<kw name="Log" owner="BuiltIn">
<msg time="2026-02-21T13:38:33.322623" level="INFO">Cleaned up phone</msg>
<arg>Cleaned up phone</arg>
<doc>Logs the given message with the given level.</doc>
<status status="PASS" start="2026-02-21T13:38:33.321560" elapsed="0.001342"/>
</kw>
<arg>${CALLEE}</arg>
<doc>Clean up a single SIP phone - hang up any active call.</doc>
<status status="PASS" start="2026-02-21T13:38:33.149813" elapsed="0.173375"/>
</kw>
<arg>Cleanup Single SIP Phone</arg>
<arg>${CALLEE}</arg>
<doc>Runs the given keyword with the given arguments and ignores possible error.</doc>
<status status="PASS" start="2026-02-21T13:38:33.149335" elapsed="0.174169"/>
</kw>
<doc>Clean up phones after each test.
Uses Run Keyword And Ignore Error because variables may not be set
if test was skipped or failed early.</doc>
<status status="PASS" start="2026-02-21T13:38:32.985752" elapsed="0.338057"/>
</kw>
<doc>Extension: SIP signaling completes but RTP media path fails
Requires: 2 WAN phones. In real scenario would inject network failure.
This test verifies clean hangup and termination when media fails.</doc>
<tag>boardfarm-bdd</tag>
<tag>error</tag>
<tag>rtp-failure</tag>
<tag>UC-12348</tag>
<tag>voice</tag>
<status status="PASS" start="2026-02-21T13:38:26.872212" elapsed="6.451920"/>
</test>
<kw name="Teardown Voice Test Environment" owner="voice" type="TEARDOWN">
<kw name="Log" owner="BuiltIn">
<msg time="2026-02-21T13:38:33.328621" level="INFO">Tearing down voice test environment...</msg>
<arg>Tearing down voice test environment...</arg>
<doc>Logs the given message with the given level.</doc>
<status status="PASS" start="2026-02-21T13:38:33.327766" elapsed="0.000946"/>
</kw>
<for flavor="IN">
<iter>
<kw name="Run Keyword And Ignore Error" owner="BuiltIn">
<kw name="Phone hangs up" owner="voice_keywords">
<msg time="2026-02-21T13:38:33.491925" level="INFO">Phone lan_phone hanging up...
✓ Phone lan_phone hung up</msg>
<arg>${phone}</arg>
<doc>Hang up active call.</doc>
<status status="PASS" start="2026-02-21T13:38:33.330053" elapsed="0.162167"/>
</kw>
<arg>Phone Hangs Up</arg>
<arg>${phone}</arg>
<doc>Runs the given keyword with the given arguments and ignores possible error.</doc>
<status status="PASS" start="2026-02-21T13:38:33.329548" elapsed="0.162913"/>
</kw>
<var name="${phone}">&lt;boardfarm3.devices.pjsip_phone.PJSIPPhone object at 0x772c4897e480&gt;</var>
<status status="PASS" start="2026-02-21T13:38:33.329305" elapsed="0.163289"/>
</iter>
<iter>
<kw name="Run Keyword And Ignore Error" owner="BuiltIn">
<kw name="Phone hangs up" owner="voice_keywords">
<msg time="2026-02-21T13:38:33.670897" level="INFO">Phone wan_phone hanging up...
✓ Phone wan_phone hung up</msg>
<arg>${phone}</arg>
<doc>Hang up active call.</doc>
<status status="PASS" start="2026-02-21T13:38:33.495457" elapsed="0.175540"/>
</kw>
<arg>Phone Hangs Up</arg>
<arg>${phone}</arg>
<doc>Runs the given keyword with the given arguments and ignores possible error.</doc>
<status status="PASS" start="2026-02-21T13:38:33.493697" elapsed="0.177371"/>
</kw>
<var name="${phone}">&lt;boardfarm3.devices.pjsip_phone.PJSIPPhone object at 0x772c47d6a930&gt;</var>
<status status="PASS" start="2026-02-21T13:38:33.493102" elapsed="0.178000"/>
</iter>
<iter>
<kw name="Run Keyword And Ignore Error" owner="BuiltIn">
<kw name="Phone hangs up" owner="voice_keywords">
<msg time="2026-02-21T13:38:33.832315" level="INFO">Phone wan_phone2 hanging up...
✓ Phone wan_phone2 hung up</msg>
<arg>${phone}</arg>
<doc>Hang up active call.</doc>
<status status="PASS" start="2026-02-21T13:38:33.671779" elapsed="0.160761"/>
</kw>
<arg>Phone Hangs Up</arg>
<arg>${phone}</arg>
<doc>Runs the given keyword with the given arguments and ignores possible error.</doc>
<status status="PASS" start="2026-02-21T13:38:33.671380" elapsed="0.161340"/>
</kw>
<var name="${phone}">&lt;boardfarm3.devices.pjsip_phone.PJSIPPhone object at 0x772c48d04590&gt;</var>
<status status="PASS" start="2026-02-21T13:38:33.671235" elapsed="0.161561"/>
</iter>
<var>${phone}</var>
<value>@{LAN_PHONES}</value>
<value>@{WAN_PHONES}</value>
<status status="PASS" start="2026-02-21T13:38:33.328827" elapsed="0.504035"/>
</for>
<kw name="Log" owner="BuiltIn">
<msg time="2026-02-21T13:38:33.833648" level="INFO">Voice test environment torn down</msg>
<arg>Voice test environment torn down</arg>
<doc>Logs the given message with the given level.</doc>
<status status="PASS" start="2026-02-21T13:38:33.833161" elapsed="0.000621"/>
</kw>
<doc>Clean up voice test environment.
Safely hangs up any active calls on all discovered phones.</doc>
<status status="PASS" start="2026-02-21T13:38:33.326780" elapsed="0.507144"/>
</kw>
<doc>UC-12348: User Makes a One-Way Call
As a user, I want to make a voice call from one SIP phone to another
so that I can establish voice communication.

Corresponds to tests/features/UC-12348 User makes a one-way call.feature

Device Requirements:
- Most tests require 2 SIP phones minimum
- UC-12348-Main-V4 requires 3 SIP phones
- All phone numbers are obtained from device object properties</doc>
<status status="PASS" start="2026-02-21T13:36:54.061792" elapsed="99.772197"/>
</suite>
<doc>Boardfarm BDD Robot Framework Test Suites

This test suite contains Robot Framework implementations of BDD scenarios
that correspond to the system use cases defined in requirements/.

All tests use scenario-aligned keyword libraries that mirror the pytest-bdd
step definitions, providing consistent behavior across both frameworks.

Test Suites:
- hello.robot: Basic smoke tests
- remote_cpe_reboot.robot: UC-12347 Remote CPE Reboot
- user_makes_one_way_call.robot: UC-12348 Voice Call Tests
- acs_gui_device_management.robot: UC-ACS-GUI-01 GUI Management
- device_class_initialization.robot: Device Class Tests</doc>
<meta name="Boardfarm Status">Deployed</meta>
<meta name="Board Name">prplos-docker-1</meta>
<status status="PASS" start="2026-02-21T13:36:50.642152" elapsed="103.192756"/>
</suite>
<statistics>
<total>
<stat pass="11" fail="0" skip="0">All Tests</stat>
</total>
<tag>
<stat pass="11" fail="0" skip="0">boardfarm-bdd</stat>
<stat pass="1" fail="0" skip="0">busy</stat>
<stat pass="6" fail="0" skip="0">call</stat>
<stat pass="2" fail="0" skip="0">direct-wan</stat>
<stat pass="5" fail="0" skip="0">error</stat>
<stat pass="1" fail="0" skip="0">invalid-number</stat>
<stat pass="6" fail="0" skip="0">main-scenario</stat>
<stat pass="2" fail="0" skip="0">nat-inbound</stat>
<stat pass="2" fail="0" skip="0">nat-outbound</stat>
<stat pass="1" fail="0" skip="0">rejected</stat>
<stat pass="1" fail="0" skip="0">rtp-failure</stat>
<stat pass="1" fail="0" skip="0">timeout</stat>
<stat pass="11" fail="0" skip="0">UC-12348</stat>
<stat pass="11" fail="0" skip="0">voice</stat>
</tag>
<suite>
<stat name="Tests" id="s1" pass="11" fail="0" skip="0">Tests</stat>
<stat name="User Makes One Way Call" id="s1-s1" pass="11" fail="0" skip="0">Tests.User Makes One Way Call</stat>
</suite>
</statistics>
<errors>
</errors>
</robot>
